{"C:\\Users\\DanielAjayiLotsu\\OneDrive - AmaliTech gGmbH\\Desktop\\dsa_js\\week_7\\student_management_testing\\index.js": {"path":"C:\\Users\\DanielAjayiLotsu\\OneDrive - AmaliTech gGmbH\\Desktop\\dsa_js\\week_7\\student_management_testing\\index.js","statementMap":{"0":{"start":{"line":1,"column":0},"end":{"line":1,"column":32}},"1":{"start":{"line":2,"column":16},"end":{"line":2,"column":34}},"2":{"start":{"line":3,"column":17},"end":{"line":3,"column":36}},"3":{"start":{"line":4,"column":25},"end":{"line":4,"column":61}},"4":{"start":{"line":5,"column":15},"end":{"line":5,"column":41}},"5":{"start":{"line":6,"column":22},"end":{"line":6,"column":49}},"6":{"start":{"line":7,"column":21},"end":{"line":7,"column":47}},"7":{"start":{"line":8,"column":25},"end":{"line":8,"column":55}},"8":{"start":{"line":9,"column":25},"end":{"line":9,"column":55}},"9":{"start":{"line":10,"column":19},"end":{"line":10,"column":43}},"10":{"start":{"line":11,"column":19},"end":{"line":11,"column":43}},"11":{"start":{"line":12,"column":18},"end":{"line":12,"column":47}},"12":{"start":{"line":13,"column":20},"end":{"line":13,"column":48}},"13":{"start":{"line":14,"column":25},"end":{"line":14,"column":49}},"14":{"start":{"line":16,"column":12},"end":{"line":16,"column":21}},"15":{"start":{"line":18,"column":0},"end":{"line":18,"column":15}},"16":{"start":{"line":21,"column":0},"end":{"line":21,"column":24}},"17":{"start":{"line":22,"column":0},"end":{"line":22,"column":48}},"18":{"start":{"line":25,"column":0},"end":{"line":30,"column":3}},"19":{"start":{"line":26,"column":2},"end":{"line":29,"column":5}},"20":{"start":{"line":32,"column":0},"end":{"line":32,"column":68}},"21":{"start":{"line":33,"column":0},"end":{"line":33,"column":36}},"22":{"start":{"line":34,"column":0},"end":{"line":34,"column":34}},"23":{"start":{"line":35,"column":0},"end":{"line":35,"column":42}},"24":{"start":{"line":36,"column":0},"end":{"line":36,"column":42}},"25":{"start":{"line":37,"column":0},"end":{"line":37,"column":29}},"26":{"start":{"line":38,"column":0},"end":{"line":38,"column":29}},"27":{"start":{"line":41,"column":0},"end":{"line":46,"column":3}},"28":{"start":{"line":42,"column":2},"end":{"line":45,"column":5}},"29":{"start":{"line":49,"column":0},"end":{"line":49,"column":22}},"30":{"start":{"line":54,"column":13},"end":{"line":54,"column":29}},"31":{"start":{"line":55,"column":14},"end":{"line":55,"column":31}},"32":{"start":{"line":56,"column":0},"end":{"line":66,"column":5}},"33":{"start":{"line":59,"column":4},"end":{"line":59,"column":73}},"34":{"start":{"line":60,"column":4},"end":{"line":62,"column":7}},"35":{"start":{"line":61,"column":6},"end":{"line":61,"column":61}},"36":{"start":{"line":65,"column":4},"end":{"line":65,"column":21}},"37":{"start":{"line":68,"column":0},"end":{"line":68,"column":21}}},"fnMap":{"0":{"name":"(anonymous_0)","decl":{"start":{"line":25,"column":13},"end":{"line":25,"column":14}},"loc":{"start":{"line":25,"column":27},"end":{"line":30,"column":1}},"line":25},"1":{"name":"(anonymous_1)","decl":{"start":{"line":41,"column":13},"end":{"line":41,"column":14}},"loc":{"start":{"line":41,"column":27},"end":{"line":46,"column":1}},"line":41},"2":{"name":"(anonymous_2)","decl":{"start":{"line":58,"column":8},"end":{"line":58,"column":9}},"loc":{"start":{"line":58,"column":14},"end":{"line":63,"column":3}},"line":58},"3":{"name":"(anonymous_3)","decl":{"start":{"line":60,"column":21},"end":{"line":60,"column":22}},"loc":{"start":{"line":60,"column":27},"end":{"line":62,"column":5}},"line":60},"4":{"name":"(anonymous_4)","decl":{"start":{"line":64,"column":9},"end":{"line":64,"column":10}},"loc":{"start":{"line":64,"column":18},"end":{"line":66,"column":3}},"line":64}},"branchMap":{},"s":{"0":1,"1":1,"2":1,"3":1,"4":1,"5":1,"6":1,"7":1,"8":1,"9":1,"10":1,"11":1,"12":1,"13":1,"14":1,"15":1,"16":1,"17":1,"18":1,"19":0,"20":1,"21":1,"22":1,"23":1,"24":1,"25":1,"26":1,"27":1,"28":0,"29":1,"30":1,"31":1,"32":1,"33":1,"34":1,"35":1,"36":0,"37":1},"f":{"0":0,"1":0,"2":1,"3":1,"4":0},"b":{},"_coverageSchema":"1a1c01bbd47fc00a2c39e90264f33305004495a9","hash":"4728448b7920cd4ff538f654e08f4cd9fa350117"}
,"C:\\Users\\DanielAjayiLotsu\\OneDrive - AmaliTech gGmbH\\Desktop\\dsa_js\\week_7\\student_management_testing\\controllers\\auth.js": {"path":"C:\\Users\\DanielAjayiLotsu\\OneDrive - AmaliTech gGmbH\\Desktop\\dsa_js\\week_7\\student_management_testing\\controllers\\auth.js","statementMap":{"0":{"start":{"line":1,"column":16},"end":{"line":1,"column":43}},"1":{"start":{"line":2,"column":19},"end":{"line":2,"column":49}},"2":{"start":{"line":3,"column":12},"end":{"line":3,"column":35}},"3":{"start":{"line":4,"column":15},"end":{"line":4,"column":34}},"4":{"start":{"line":7,"column":0},"end":{"line":46,"column":2}},"5":{"start":{"line":8,"column":30},"end":{"line":8,"column":38}},"6":{"start":{"line":11,"column":2},"end":{"line":12,"column":74}},"7":{"start":{"line":12,"column":4},"end":{"line":12,"column":74}},"8":{"start":{"line":14,"column":21},"end":{"line":14,"column":60}},"9":{"start":{"line":15,"column":2},"end":{"line":16,"column":69}},"10":{"start":{"line":16,"column":4},"end":{"line":16,"column":69}},"11":{"start":{"line":18,"column":24},"end":{"line":18,"column":75}},"12":{"start":{"line":19,"column":2},"end":{"line":22,"column":62}},"13":{"start":{"line":20,"column":4},"end":{"line":22,"column":62}},"14":{"start":{"line":27,"column":22},"end":{"line":37,"column":3}},"15":{"start":{"line":39,"column":2},"end":{"line":45,"column":5}},"16":{"start":{"line":49,"column":0},"end":{"line":85,"column":2}},"17":{"start":{"line":50,"column":30},"end":{"line":50,"column":38}},"18":{"start":{"line":53,"column":2},"end":{"line":54,"column":74}},"19":{"start":{"line":54,"column":4},"end":{"line":54,"column":74}},"20":{"start":{"line":56,"column":24},"end":{"line":56,"column":66}},"21":{"start":{"line":57,"column":2},"end":{"line":58,"column":69}},"22":{"start":{"line":58,"column":4},"end":{"line":58,"column":69}},"23":{"start":{"line":60,"column":24},"end":{"line":60,"column":78}},"24":{"start":{"line":61,"column":2},"end":{"line":64,"column":62}},"25":{"start":{"line":62,"column":4},"end":{"line":64,"column":62}},"26":{"start":{"line":67,"column":22},"end":{"line":76,"column":3}},"27":{"start":{"line":78,"column":2},"end":{"line":84,"column":5}},"28":{"start":{"line":88,"column":0},"end":{"line":119,"column":2}},"29":{"start":{"line":89,"column":36},"end":{"line":89,"column":44}},"30":{"start":{"line":92,"column":2},"end":{"line":95,"column":76}},"31":{"start":{"line":93,"column":4},"end":{"line":95,"column":76}},"32":{"start":{"line":97,"column":17},"end":{"line":97,"column":28}},"33":{"start":{"line":99,"column":2},"end":{"line":104,"column":3}},"34":{"start":{"line":100,"column":4},"end":{"line":103,"column":7}},"35":{"start":{"line":106,"column":25},"end":{"line":106,"column":78}},"36":{"start":{"line":108,"column":2},"end":{"line":110,"column":5}},"37":{"start":{"line":111,"column":2},"end":{"line":113,"column":5}},"38":{"start":{"line":115,"column":2},"end":{"line":118,"column":5}}},"fnMap":{"0":{"name":"(anonymous_0)","decl":{"start":{"line":7,"column":23},"end":{"line":7,"column":24}},"loc":{"start":{"line":7,"column":43},"end":{"line":46,"column":1}},"line":7},"1":{"name":"(anonymous_1)","decl":{"start":{"line":49,"column":26},"end":{"line":49,"column":27}},"loc":{"start":{"line":49,"column":46},"end":{"line":85,"column":1}},"line":49},"2":{"name":"(anonymous_2)","decl":{"start":{"line":88,"column":24},"end":{"line":88,"column":25}},"loc":{"start":{"line":88,"column":44},"end":{"line":119,"column":1}},"line":88}},"branchMap":{"0":{"loc":{"start":{"line":11,"column":2},"end":{"line":12,"column":74}},"type":"if","locations":[{"start":{"line":11,"column":2},"end":{"line":12,"column":74}},{"start":{},"end":{}}],"line":11},"1":{"loc":{"start":{"line":11,"column":6},"end":{"line":11,"column":25}},"type":"binary-expr","locations":[{"start":{"line":11,"column":6},"end":{"line":11,"column":12}},{"start":{"line":11,"column":16},"end":{"line":11,"column":25}}],"line":11},"2":{"loc":{"start":{"line":15,"column":2},"end":{"line":16,"column":69}},"type":"if","locations":[{"start":{"line":15,"column":2},"end":{"line":16,"column":69}},{"start":{},"end":{}}],"line":15},"3":{"loc":{"start":{"line":19,"column":2},"end":{"line":22,"column":62}},"type":"if","locations":[{"start":{"line":19,"column":2},"end":{"line":22,"column":62}},{"start":{},"end":{}}],"line":19},"4":{"loc":{"start":{"line":53,"column":2},"end":{"line":54,"column":74}},"type":"if","locations":[{"start":{"line":53,"column":2},"end":{"line":54,"column":74}},{"start":{},"end":{}}],"line":53},"5":{"loc":{"start":{"line":53,"column":6},"end":{"line":53,"column":25}},"type":"binary-expr","locations":[{"start":{"line":53,"column":6},"end":{"line":53,"column":12}},{"start":{"line":53,"column":16},"end":{"line":53,"column":25}}],"line":53},"6":{"loc":{"start":{"line":57,"column":2},"end":{"line":58,"column":69}},"type":"if","locations":[{"start":{"line":57,"column":2},"end":{"line":58,"column":69}},{"start":{},"end":{}}],"line":57},"7":{"loc":{"start":{"line":61,"column":2},"end":{"line":64,"column":62}},"type":"if","locations":[{"start":{"line":61,"column":2},"end":{"line":64,"column":62}},{"start":{},"end":{}}],"line":61},"8":{"loc":{"start":{"line":92,"column":2},"end":{"line":95,"column":76}},"type":"if","locations":[{"start":{"line":92,"column":2},"end":{"line":95,"column":76}},{"start":{},"end":{}}],"line":92},"9":{"loc":{"start":{"line":92,"column":6},"end":{"line":92,"column":59}},"type":"binary-expr","locations":[{"start":{"line":92,"column":6},"end":{"line":92,"column":15}},{"start":{"line":92,"column":19},"end":{"line":92,"column":31}},{"start":{"line":92,"column":35},"end":{"line":92,"column":59}}],"line":92},"10":{"loc":{"start":{"line":99,"column":2},"end":{"line":104,"column":3}},"type":"if","locations":[{"start":{"line":99,"column":2},"end":{"line":104,"column":3}},{"start":{},"end":{}}],"line":99}},"s":{"0":1,"1":1,"2":1,"3":1,"4":1,"5":0,"6":0,"7":0,"8":0,"9":0,"10":0,"11":0,"12":0,"13":0,"14":0,"15":0,"16":1,"17":0,"18":0,"19":0,"20":0,"21":0,"22":0,"23":0,"24":0,"25":0,"26":0,"27":0,"28":1,"29":0,"30":0,"31":0,"32":0,"33":0,"34":0,"35":0,"36":0,"37":0,"38":0},"f":{"0":0,"1":0,"2":0},"b":{"0":[0,0],"1":[0,0],"2":[0,0],"3":[0,0],"4":[0,0],"5":[0,0],"6":[0,0],"7":[0,0],"8":[0,0],"9":[0,0,0],"10":[0,0]},"_coverageSchema":"1a1c01bbd47fc00a2c39e90264f33305004495a9","hash":"a80072d3594521c9da6d0c0f15dc47f4b350323f"}
,"C:\\Users\\DanielAjayiLotsu\\OneDrive - AmaliTech gGmbH\\Desktop\\dsa_js\\week_7\\student_management_testing\\controllers\\course.js": {"path":"C:\\Users\\DanielAjayiLotsu\\OneDrive - AmaliTech gGmbH\\Desktop\\dsa_js\\week_7\\student_management_testing\\controllers\\course.js","statementMap":{"0":{"start":{"line":1,"column":15},"end":{"line":1,"column":41}},"1":{"start":{"line":2,"column":19},"end":{"line":2,"column":49}},"2":{"start":{"line":3,"column":15},"end":{"line":3,"column":41}},"3":{"start":{"line":6,"column":0},"end":{"line":49,"column":2}},"4":{"start":{"line":7,"column":2},"end":{"line":11,"column":5}},"5":{"start":{"line":12,"column":71},"end":{"line":12,"column":79}},"6":{"start":{"line":15,"column":2},"end":{"line":19,"column":7}},"7":{"start":{"line":16,"column":4},"end":{"line":19,"column":7}},"8":{"start":{"line":21,"column":24},"end":{"line":23,"column":4}},"9":{"start":{"line":24,"column":2},"end":{"line":29,"column":3}},"10":{"start":{"line":25,"column":4},"end":{"line":28,"column":7}},"11":{"start":{"line":30,"column":23},"end":{"line":30,"column":40}},"12":{"start":{"line":33,"column":20},"end":{"line":40,"column":4}},"13":{"start":{"line":42,"column":2},"end":{"line":48,"column":5}},"14":{"start":{"line":52,"column":0},"end":{"line":75,"column":2}},"15":{"start":{"line":53,"column":2},"end":{"line":57,"column":5}},"16":{"start":{"line":58,"column":18},"end":{"line":58,"column":37}},"17":{"start":{"line":61,"column":2},"end":{"line":66,"column":3}},"18":{"start":{"line":62,"column":4},"end":{"line":65,"column":7}},"19":{"start":{"line":68,"column":2},"end":{"line":74,"column":5}},"20":{"start":{"line":78,"column":0},"end":{"line":103,"column":2}},"21":{"start":{"line":79,"column":2},"end":{"line":83,"column":5}},"22":{"start":{"line":85,"column":13},"end":{"line":85,"column":26}},"23":{"start":{"line":86,"column":17},"end":{"line":86,"column":51}},"24":{"start":{"line":89,"column":2},"end":{"line":94,"column":3}},"25":{"start":{"line":90,"column":4},"end":{"line":93,"column":7}},"26":{"start":{"line":96,"column":2},"end":{"line":102,"column":5}},"27":{"start":{"line":106,"column":0},"end":{"line":146,"column":2}},"28":{"start":{"line":107,"column":13},"end":{"line":107,"column":26}},"29":{"start":{"line":108,"column":71},"end":{"line":108,"column":79}},"30":{"start":{"line":111,"column":2},"end":{"line":111,"column":48}},"31":{"start":{"line":111,"column":13},"end":{"line":111,"column":48}},"32":{"start":{"line":112,"column":2},"end":{"line":112,"column":48}},"33":{"start":{"line":112,"column":13},"end":{"line":112,"column":48}},"34":{"start":{"line":113,"column":2},"end":{"line":113,"column":62}},"35":{"start":{"line":113,"column":20},"end":{"line":113,"column":62}},"36":{"start":{"line":114,"column":2},"end":{"line":114,"column":54}},"37":{"start":{"line":114,"column":16},"end":{"line":114,"column":54}},"38":{"start":{"line":115,"column":2},"end":{"line":115,"column":62}},"39":{"start":{"line":115,"column":21},"end":{"line":115,"column":62}},"40":{"start":{"line":116,"column":2},"end":{"line":116,"column":56}},"41":{"start":{"line":116,"column":17},"end":{"line":116,"column":56}},"42":{"start":{"line":118,"column":2},"end":{"line":118,"column":59}},"43":{"start":{"line":119,"column":17},"end":{"line":129,"column":3}},"44":{"start":{"line":132,"column":2},"end":{"line":137,"column":3}},"45":{"start":{"line":133,"column":4},"end":{"line":136,"column":7}},"46":{"start":{"line":139,"column":2},"end":{"line":145,"column":5}},"47":{"start":{"line":149,"column":0},"end":{"line":173,"column":2}},"48":{"start":{"line":150,"column":2},"end":{"line":154,"column":5}},"49":{"start":{"line":155,"column":13},"end":{"line":155,"column":26}},"50":{"start":{"line":156,"column":17},"end":{"line":156,"column":60}},"51":{"start":{"line":159,"column":2},"end":{"line":164,"column":3}},"52":{"start":{"line":160,"column":4},"end":{"line":163,"column":7}},"53":{"start":{"line":166,"column":2},"end":{"line":172,"column":5}}},"fnMap":{"0":{"name":"(anonymous_0)","decl":{"start":{"line":6,"column":20},"end":{"line":6,"column":21}},"loc":{"start":{"line":6,"column":40},"end":{"line":49,"column":1}},"line":6},"1":{"name":"(anonymous_1)","decl":{"start":{"line":52,"column":24},"end":{"line":52,"column":25}},"loc":{"start":{"line":52,"column":44},"end":{"line":75,"column":1}},"line":52},"2":{"name":"(anonymous_2)","decl":{"start":{"line":78,"column":24},"end":{"line":78,"column":25}},"loc":{"start":{"line":78,"column":44},"end":{"line":103,"column":1}},"line":78},"3":{"name":"(anonymous_3)","decl":{"start":{"line":106,"column":27},"end":{"line":106,"column":28}},"loc":{"start":{"line":106,"column":47},"end":{"line":146,"column":1}},"line":106},"4":{"name":"(anonymous_4)","decl":{"start":{"line":149,"column":27},"end":{"line":149,"column":28}},"loc":{"start":{"line":149,"column":47},"end":{"line":173,"column":1}},"line":149}},"branchMap":{"0":{"loc":{"start":{"line":15,"column":2},"end":{"line":19,"column":7}},"type":"if","locations":[{"start":{"line":15,"column":2},"end":{"line":19,"column":7}},{"start":{},"end":{}}],"line":15},"1":{"loc":{"start":{"line":15,"column":6},"end":{"line":15,"column":78}},"type":"binary-expr","locations":[{"start":{"line":15,"column":6},"end":{"line":15,"column":11}},{"start":{"line":15,"column":15},"end":{"line":15,"column":20}},{"start":{"line":15,"column":24},"end":{"line":15,"column":36}},{"start":{"line":15,"column":40},"end":{"line":15,"column":48}},{"start":{"line":15,"column":52},"end":{"line":15,"column":65}},{"start":{"line":15,"column":69},"end":{"line":15,"column":78}}],"line":15},"2":{"loc":{"start":{"line":24,"column":2},"end":{"line":29,"column":3}},"type":"if","locations":[{"start":{"line":24,"column":2},"end":{"line":29,"column":3}},{"start":{},"end":{}}],"line":24},"3":{"loc":{"start":{"line":61,"column":2},"end":{"line":66,"column":3}},"type":"if","locations":[{"start":{"line":61,"column":2},"end":{"line":66,"column":3}},{"start":{},"end":{}}],"line":61},"4":{"loc":{"start":{"line":89,"column":2},"end":{"line":94,"column":3}},"type":"if","locations":[{"start":{"line":89,"column":2},"end":{"line":94,"column":3}},{"start":{},"end":{}}],"line":89},"5":{"loc":{"start":{"line":111,"column":2},"end":{"line":111,"column":48}},"type":"if","locations":[{"start":{"line":111,"column":2},"end":{"line":111,"column":48}},{"start":{},"end":{}}],"line":111},"6":{"loc":{"start":{"line":112,"column":2},"end":{"line":112,"column":48}},"type":"if","locations":[{"start":{"line":112,"column":2},"end":{"line":112,"column":48}},{"start":{},"end":{}}],"line":112},"7":{"loc":{"start":{"line":113,"column":2},"end":{"line":113,"column":62}},"type":"if","locations":[{"start":{"line":113,"column":2},"end":{"line":113,"column":62}},{"start":{},"end":{}}],"line":113},"8":{"loc":{"start":{"line":114,"column":2},"end":{"line":114,"column":54}},"type":"if","locations":[{"start":{"line":114,"column":2},"end":{"line":114,"column":54}},{"start":{},"end":{}}],"line":114},"9":{"loc":{"start":{"line":115,"column":2},"end":{"line":115,"column":62}},"type":"if","locations":[{"start":{"line":115,"column":2},"end":{"line":115,"column":62}},{"start":{},"end":{}}],"line":115},"10":{"loc":{"start":{"line":116,"column":2},"end":{"line":116,"column":56}},"type":"if","locations":[{"start":{"line":116,"column":2},"end":{"line":116,"column":56}},{"start":{},"end":{}}],"line":116},"11":{"loc":{"start":{"line":132,"column":2},"end":{"line":137,"column":3}},"type":"if","locations":[{"start":{"line":132,"column":2},"end":{"line":137,"column":3}},{"start":{},"end":{}}],"line":132},"12":{"loc":{"start":{"line":159,"column":2},"end":{"line":164,"column":3}},"type":"if","locations":[{"start":{"line":159,"column":2},"end":{"line":164,"column":3}},{"start":{},"end":{}}],"line":159}},"s":{"0":1,"1":1,"2":1,"3":1,"4":0,"5":0,"6":0,"7":0,"8":0,"9":0,"10":0,"11":0,"12":0,"13":0,"14":1,"15":0,"16":0,"17":0,"18":0,"19":0,"20":1,"21":0,"22":0,"23":0,"24":0,"25":0,"26":0,"27":1,"28":0,"29":0,"30":0,"31":0,"32":0,"33":0,"34":0,"35":0,"36":0,"37":0,"38":0,"39":0,"40":0,"41":0,"42":0,"43":0,"44":0,"45":0,"46":0,"47":1,"48":0,"49":0,"50":0,"51":0,"52":0,"53":0},"f":{"0":0,"1":0,"2":0,"3":0,"4":0},"b":{"0":[0,0],"1":[0,0,0,0,0,0],"2":[0,0],"3":[0,0],"4":[0,0],"5":[0,0],"6":[0,0],"7":[0,0],"8":[0,0],"9":[0,0],"10":[0,0],"11":[0,0],"12":[0,0]},"_coverageSchema":"1a1c01bbd47fc00a2c39e90264f33305004495a9","hash":"75b6c852d2fe1117da5e1d2ae4632f42521f50eb"}
,"C:\\Users\\DanielAjayiLotsu\\OneDrive - AmaliTech gGmbH\\Desktop\\dsa_js\\week_7\\student_management_testing\\controllers\\enrollment.js": {"path":"C:\\Users\\DanielAjayiLotsu\\OneDrive - AmaliTech gGmbH\\Desktop\\dsa_js\\week_7\\student_management_testing\\controllers\\enrollment.js","statementMap":{"0":{"start":{"line":1,"column":19},"end":{"line":1,"column":49}},"1":{"start":{"line":2,"column":16},"end":{"line":2,"column":43}},"2":{"start":{"line":3,"column":15},"end":{"line":3,"column":41}},"3":{"start":{"line":6,"column":0},"end":{"line":39,"column":2}},"4":{"start":{"line":7,"column":36},"end":{"line":7,"column":44}},"5":{"start":{"line":10,"column":2},"end":{"line":15,"column":3}},"6":{"start":{"line":11,"column":4},"end":{"line":14,"column":7}},"7":{"start":{"line":17,"column":21},"end":{"line":17,"column":68}},"8":{"start":{"line":18,"column":20},"end":{"line":18,"column":62}},"9":{"start":{"line":20,"column":2},"end":{"line":23,"column":5}},"10":{"start":{"line":20,"column":33},"end":{"line":23,"column":5}},"11":{"start":{"line":26,"column":24},"end":{"line":29,"column":4}},"12":{"start":{"line":31,"column":2},"end":{"line":31,"column":53}},"13":{"start":{"line":32,"column":2},"end":{"line":32,"column":26}},"14":{"start":{"line":34,"column":2},"end":{"line":38,"column":5}},"15":{"start":{"line":42,"column":0},"end":{"line":75,"column":2}},"16":{"start":{"line":43,"column":25},"end":{"line":43,"column":33}},"17":{"start":{"line":44,"column":20},"end":{"line":44,"column":28}},"18":{"start":{"line":47,"column":21},"end":{"line":47,"column":78}},"19":{"start":{"line":48,"column":20},"end":{"line":48,"column":62}},"20":{"start":{"line":50,"column":2},"end":{"line":50,"column":76}},"21":{"start":{"line":50,"column":33},"end":{"line":50,"column":76}},"22":{"start":{"line":51,"column":28},"end":{"line":54,"column":4}},"23":{"start":{"line":55,"column":2},"end":{"line":74,"column":3}},"24":{"start":{"line":56,"column":4},"end":{"line":59,"column":7}},"25":{"start":{"line":61,"column":26},"end":{"line":64,"column":6}},"26":{"start":{"line":66,"column":4},"end":{"line":66,"column":55}},"27":{"start":{"line":67,"column":4},"end":{"line":67,"column":28}},"28":{"start":{"line":69,"column":4},"end":{"line":73,"column":7}},"29":{"start":{"line":78,"column":0},"end":{"line":114,"column":2}},"30":{"start":{"line":79,"column":20},"end":{"line":79,"column":33}},"31":{"start":{"line":80,"column":21},"end":{"line":80,"column":68}},"32":{"start":{"line":82,"column":22},"end":{"line":82,"column":72}},"33":{"start":{"line":85,"column":2},"end":{"line":90,"column":3}},"34":{"start":{"line":86,"column":4},"end":{"line":89,"column":7}},"35":{"start":{"line":93,"column":21},"end":{"line":95,"column":4}},"36":{"start":{"line":94,"column":48},"end":{"line":94,"column":65}},"37":{"start":{"line":98,"column":2},"end":{"line":113,"column":3}},"38":{"start":{"line":99,"column":20},"end":{"line":99,"column":22}},"39":{"start":{"line":100,"column":4},"end":{"line":100,"column":37}},"40":{"start":{"line":101,"column":4},"end":{"line":107,"column":7}},"41":{"start":{"line":109,"column":4},"end":{"line":112,"column":7}},"42":{"start":{"line":117,"column":0},"end":{"line":141,"column":2}},"43":{"start":{"line":118,"column":17},"end":{"line":118,"column":30}},"44":{"start":{"line":119,"column":20},"end":{"line":119,"column":58}},"45":{"start":{"line":120,"column":22},"end":{"line":120,"column":70}},"46":{"start":{"line":123,"column":2},"end":{"line":128,"column":3}},"47":{"start":{"line":124,"column":4},"end":{"line":127,"column":7}},"48":{"start":{"line":130,"column":27},"end":{"line":132,"column":4}},"49":{"start":{"line":131,"column":48},"end":{"line":131,"column":66}},"50":{"start":{"line":134,"column":2},"end":{"line":140,"column":5}},"51":{"start":{"line":144,"column":0},"end":{"line":165,"column":2}},"52":{"start":{"line":145,"column":13},"end":{"line":145,"column":26}},"53":{"start":{"line":146,"column":21},"end":{"line":146,"column":59}},"54":{"start":{"line":149,"column":2},"end":{"line":154,"column":3}},"55":{"start":{"line":150,"column":4},"end":{"line":153,"column":7}},"56":{"start":{"line":156,"column":21},"end":{"line":156,"column":71}},"57":{"start":{"line":157,"column":2},"end":{"line":157,"column":49}},"58":{"start":{"line":158,"column":2},"end":{"line":158,"column":26}},"59":{"start":{"line":160,"column":2},"end":{"line":164,"column":5}}},"fnMap":{"0":{"name":"(anonymous_0)","decl":{"start":{"line":6,"column":24},"end":{"line":6,"column":25}},"loc":{"start":{"line":6,"column":44},"end":{"line":39,"column":1}},"line":6},"1":{"name":"(anonymous_1)","decl":{"start":{"line":42,"column":21},"end":{"line":42,"column":22}},"loc":{"start":{"line":42,"column":41},"end":{"line":75,"column":1}},"line":42},"2":{"name":"(anonymous_2)","decl":{"start":{"line":78,"column":28},"end":{"line":78,"column":29}},"loc":{"start":{"line":78,"column":48},"end":{"line":114,"column":1}},"line":78},"3":{"name":"(anonymous_3)","decl":{"start":{"line":94,"column":32},"end":{"line":94,"column":33}},"loc":{"start":{"line":94,"column":48},"end":{"line":94,"column":65}},"line":94},"4":{"name":"(anonymous_4)","decl":{"start":{"line":117,"column":33},"end":{"line":117,"column":34}},"loc":{"start":{"line":117,"column":53},"end":{"line":141,"column":1}},"line":117},"5":{"name":"(anonymous_5)","decl":{"start":{"line":131,"column":32},"end":{"line":131,"column":33}},"loc":{"start":{"line":131,"column":48},"end":{"line":131,"column":66}},"line":131},"6":{"name":"(anonymous_6)","decl":{"start":{"line":144,"column":31},"end":{"line":144,"column":32}},"loc":{"start":{"line":144,"column":51},"end":{"line":165,"column":1}},"line":144}},"branchMap":{"0":{"loc":{"start":{"line":10,"column":2},"end":{"line":15,"column":3}},"type":"if","locations":[{"start":{"line":10,"column":2},"end":{"line":15,"column":3}},{"start":{},"end":{}}],"line":10},"1":{"loc":{"start":{"line":10,"column":5},"end":{"line":10,"column":30}},"type":"binary-expr","locations":[{"start":{"line":10,"column":5},"end":{"line":10,"column":15}},{"start":{"line":10,"column":19},"end":{"line":10,"column":30}}],"line":10},"2":{"loc":{"start":{"line":20,"column":2},"end":{"line":23,"column":5}},"type":"if","locations":[{"start":{"line":20,"column":2},"end":{"line":23,"column":5}},{"start":{},"end":{}}],"line":20},"3":{"loc":{"start":{"line":20,"column":6},"end":{"line":20,"column":31}},"type":"binary-expr","locations":[{"start":{"line":20,"column":6},"end":{"line":20,"column":16}},{"start":{"line":20,"column":20},"end":{"line":20,"column":31}}],"line":20},"4":{"loc":{"start":{"line":50,"column":2},"end":{"line":50,"column":76}},"type":"if","locations":[{"start":{"line":50,"column":2},"end":{"line":50,"column":76}},{"start":{},"end":{}}],"line":50},"5":{"loc":{"start":{"line":50,"column":6},"end":{"line":50,"column":31}},"type":"binary-expr","locations":[{"start":{"line":50,"column":6},"end":{"line":50,"column":16}},{"start":{"line":50,"column":20},"end":{"line":50,"column":31}}],"line":50},"6":{"loc":{"start":{"line":55,"column":2},"end":{"line":74,"column":3}},"type":"if","locations":[{"start":{"line":55,"column":2},"end":{"line":74,"column":3}},{"start":{"line":60,"column":9},"end":{"line":74,"column":3}}],"line":55},"7":{"loc":{"start":{"line":85,"column":2},"end":{"line":90,"column":3}},"type":"if","locations":[{"start":{"line":85,"column":2},"end":{"line":90,"column":3}},{"start":{},"end":{}}],"line":85},"8":{"loc":{"start":{"line":123,"column":2},"end":{"line":128,"column":3}},"type":"if","locations":[{"start":{"line":123,"column":2},"end":{"line":128,"column":3}},{"start":{},"end":{}}],"line":123},"9":{"loc":{"start":{"line":149,"column":2},"end":{"line":154,"column":3}},"type":"if","locations":[{"start":{"line":149,"column":2},"end":{"line":154,"column":3}},{"start":{},"end":{}}],"line":149}},"s":{"0":1,"1":1,"2":1,"3":1,"4":0,"5":0,"6":0,"7":0,"8":0,"9":0,"10":0,"11":0,"12":0,"13":0,"14":0,"15":1,"16":0,"17":0,"18":0,"19":0,"20":0,"21":0,"22":0,"23":0,"24":0,"25":0,"26":0,"27":0,"28":0,"29":1,"30":0,"31":0,"32":0,"33":0,"34":0,"35":0,"36":0,"37":0,"38":0,"39":0,"40":0,"41":0,"42":1,"43":0,"44":0,"45":0,"46":0,"47":0,"48":0,"49":0,"50":0,"51":1,"52":0,"53":0,"54":0,"55":0,"56":0,"57":0,"58":0,"59":0},"f":{"0":0,"1":0,"2":0,"3":0,"4":0,"5":0,"6":0},"b":{"0":[0,0],"1":[0,0],"2":[0,0],"3":[0,0],"4":[0,0],"5":[0,0],"6":[0,0],"7":[0,0],"8":[0,0],"9":[0,0]},"_coverageSchema":"1a1c01bbd47fc00a2c39e90264f33305004495a9","hash":"8f3e60b97fb0178941aa765bf019c4afbdea4f22"}
,"C:\\Users\\DanielAjayiLotsu\\OneDrive - AmaliTech gGmbH\\Desktop\\dsa_js\\week_7\\student_management_testing\\controllers\\instructor.js": {"path":"C:\\Users\\DanielAjayiLotsu\\OneDrive - AmaliTech gGmbH\\Desktop\\dsa_js\\week_7\\student_management_testing\\controllers\\instructor.js","statementMap":{"0":{"start":{"line":1,"column":19},"end":{"line":1,"column":49}},"1":{"start":{"line":2,"column":15},"end":{"line":2,"column":34}},"2":{"start":{"line":5,"column":0},"end":{"line":57,"column":2}},"3":{"start":{"line":16,"column":6},"end":{"line":16,"column":14}},"4":{"start":{"line":19,"column":2},"end":{"line":19,"column":202}},"5":{"start":{"line":19,"column":119},"end":{"line":19,"column":202}},"6":{"start":{"line":22,"column":28},"end":{"line":22,"column":70}},"7":{"start":{"line":23,"column":2},"end":{"line":23,"column":102}},"8":{"start":{"line":23,"column":25},"end":{"line":23,"column":102}},"9":{"start":{"line":25,"column":27},"end":{"line":29,"column":3}},"10":{"start":{"line":26,"column":19},"end":{"line":26,"column":26}},"11":{"start":{"line":27,"column":26},"end":{"line":27,"column":62}},"12":{"start":{"line":28,"column":4},"end":{"line":28,"column":39}},"13":{"start":{"line":31,"column":23},"end":{"line":31,"column":41}},"14":{"start":{"line":35,"column":25},"end":{"line":35,"column":78}},"15":{"start":{"line":37,"column":24},"end":{"line":49,"column":4}},"16":{"start":{"line":50,"column":2},"end":{"line":56,"column":5}},"17":{"start":{"line":60,"column":0},"end":{"line":78,"column":2}},"18":{"start":{"line":61,"column":22},"end":{"line":61,"column":54}},"19":{"start":{"line":64,"column":2},"end":{"line":69,"column":3}},"20":{"start":{"line":65,"column":4},"end":{"line":68,"column":7}},"21":{"start":{"line":71,"column":2},"end":{"line":77,"column":5}},"22":{"start":{"line":81,"column":0},"end":{"line":100,"column":2}},"23":{"start":{"line":82,"column":13},"end":{"line":82,"column":26}},"24":{"start":{"line":83,"column":21},"end":{"line":83,"column":67}},"25":{"start":{"line":86,"column":2},"end":{"line":91,"column":3}},"26":{"start":{"line":87,"column":4},"end":{"line":90,"column":7}},"27":{"start":{"line":93,"column":2},"end":{"line":99,"column":5}},"28":{"start":{"line":103,"column":0},"end":{"line":170,"column":2}},"29":{"start":{"line":104,"column":13},"end":{"line":104,"column":26}},"30":{"start":{"line":115,"column":6},"end":{"line":115,"column":14}},"31":{"start":{"line":118,"column":2},"end":{"line":133,"column":3}},"32":{"start":{"line":129,"column":4},"end":{"line":132,"column":7}},"33":{"start":{"line":136,"column":25},"end":{"line":136,"column":78}},"34":{"start":{"line":139,"column":21},"end":{"line":153,"column":3}},"35":{"start":{"line":156,"column":2},"end":{"line":161,"column":3}},"36":{"start":{"line":157,"column":4},"end":{"line":160,"column":7}},"37":{"start":{"line":163,"column":2},"end":{"line":169,"column":5}},"38":{"start":{"line":173,"column":0},"end":{"line":192,"column":2}},"39":{"start":{"line":174,"column":13},"end":{"line":174,"column":26}},"40":{"start":{"line":175,"column":21},"end":{"line":175,"column":76}},"41":{"start":{"line":178,"column":2},"end":{"line":183,"column":3}},"42":{"start":{"line":179,"column":4},"end":{"line":182,"column":7}},"43":{"start":{"line":185,"column":2},"end":{"line":191,"column":5}}},"fnMap":{"0":{"name":"(anonymous_0)","decl":{"start":{"line":5,"column":24},"end":{"line":5,"column":25}},"loc":{"start":{"line":5,"column":44},"end":{"line":57,"column":1}},"line":5},"1":{"name":"(anonymous_1)","decl":{"start":{"line":25,"column":27},"end":{"line":25,"column":28}},"loc":{"start":{"line":25,"column":33},"end":{"line":29,"column":3}},"line":25},"2":{"name":"(anonymous_2)","decl":{"start":{"line":60,"column":28},"end":{"line":60,"column":29}},"loc":{"start":{"line":60,"column":48},"end":{"line":78,"column":1}},"line":60},"3":{"name":"(anonymous_3)","decl":{"start":{"line":81,"column":28},"end":{"line":81,"column":29}},"loc":{"start":{"line":81,"column":48},"end":{"line":100,"column":1}},"line":81},"4":{"name":"(anonymous_4)","decl":{"start":{"line":103,"column":31},"end":{"line":103,"column":32}},"loc":{"start":{"line":103,"column":51},"end":{"line":170,"column":1}},"line":103},"5":{"name":"(anonymous_5)","decl":{"start":{"line":173,"column":31},"end":{"line":173,"column":32}},"loc":{"start":{"line":173,"column":51},"end":{"line":192,"column":1}},"line":173}},"branchMap":{"0":{"loc":{"start":{"line":19,"column":2},"end":{"line":19,"column":202}},"type":"if","locations":[{"start":{"line":19,"column":2},"end":{"line":19,"column":202}},{"start":{},"end":{}}],"line":19},"1":{"loc":{"start":{"line":19,"column":5},"end":{"line":19,"column":117}},"type":"binary-expr","locations":[{"start":{"line":19,"column":5},"end":{"line":19,"column":15}},{"start":{"line":19,"column":19},"end":{"line":19,"column":28}},{"start":{"line":19,"column":32},"end":{"line":19,"column":38}},{"start":{"line":19,"column":42},"end":{"line":19,"column":51}},{"start":{"line":19,"column":55},"end":{"line":19,"column":67}},{"start":{"line":19,"column":71},"end":{"line":19,"column":77}},{"start":{"line":19,"column":81},"end":{"line":19,"column":89}},{"start":{"line":19,"column":93},"end":{"line":19,"column":102}},{"start":{"line":19,"column":106},"end":{"line":19,"column":117}}],"line":19},"2":{"loc":{"start":{"line":23,"column":2},"end":{"line":23,"column":102}},"type":"if","locations":[{"start":{"line":23,"column":2},"end":{"line":23,"column":102}},{"start":{},"end":{}}],"line":23},"3":{"loc":{"start":{"line":64,"column":2},"end":{"line":69,"column":3}},"type":"if","locations":[{"start":{"line":64,"column":2},"end":{"line":69,"column":3}},{"start":{},"end":{}}],"line":64},"4":{"loc":{"start":{"line":86,"column":2},"end":{"line":91,"column":3}},"type":"if","locations":[{"start":{"line":86,"column":2},"end":{"line":91,"column":3}},{"start":{},"end":{}}],"line":86},"5":{"loc":{"start":{"line":118,"column":2},"end":{"line":133,"column":3}},"type":"if","locations":[{"start":{"line":118,"column":2},"end":{"line":133,"column":3}},{"start":{},"end":{}}],"line":118},"6":{"loc":{"start":{"line":119,"column":4},"end":{"line":127,"column":15}},"type":"binary-expr","locations":[{"start":{"line":119,"column":4},"end":{"line":119,"column":14}},{"start":{"line":120,"column":4},"end":{"line":120,"column":13}},{"start":{"line":121,"column":4},"end":{"line":121,"column":10}},{"start":{"line":122,"column":4},"end":{"line":122,"column":13}},{"start":{"line":123,"column":4},"end":{"line":123,"column":16}},{"start":{"line":124,"column":4},"end":{"line":124,"column":10}},{"start":{"line":125,"column":4},"end":{"line":125,"column":12}},{"start":{"line":126,"column":4},"end":{"line":126,"column":13}},{"start":{"line":127,"column":4},"end":{"line":127,"column":15}}],"line":119},"7":{"loc":{"start":{"line":156,"column":2},"end":{"line":161,"column":3}},"type":"if","locations":[{"start":{"line":156,"column":2},"end":{"line":161,"column":3}},{"start":{},"end":{}}],"line":156},"8":{"loc":{"start":{"line":178,"column":2},"end":{"line":183,"column":3}},"type":"if","locations":[{"start":{"line":178,"column":2},"end":{"line":183,"column":3}},{"start":{},"end":{}}],"line":178}},"s":{"0":1,"1":1,"2":1,"3":3,"4":3,"5":1,"6":2,"7":2,"8":1,"9":1,"10":1,"11":1,"12":1,"13":1,"14":1,"15":1,"16":1,"17":1,"18":0,"19":0,"20":0,"21":0,"22":1,"23":0,"24":0,"25":0,"26":0,"27":0,"28":1,"29":0,"30":0,"31":0,"32":0,"33":0,"34":0,"35":0,"36":0,"37":0,"38":1,"39":0,"40":0,"41":0,"42":0,"43":0},"f":{"0":3,"1":1,"2":0,"3":0,"4":0,"5":0},"b":{"0":[1,2],"1":[3,2,2,2,2,2,2,2,2],"2":[1,1],"3":[0,0],"4":[0,0],"5":[0,0],"6":[0,0,0,0,0,0,0,0,0],"7":[0,0],"8":[0,0]},"_coverageSchema":"1a1c01bbd47fc00a2c39e90264f33305004495a9","hash":"d420229f43153c7b6888f197f601e791f1ae1907"}
,"C:\\Users\\DanielAjayiLotsu\\OneDrive - AmaliTech gGmbH\\Desktop\\dsa_js\\week_7\\student_management_testing\\controllers\\sort.js": {"path":"C:\\Users\\DanielAjayiLotsu\\OneDrive - AmaliTech gGmbH\\Desktop\\dsa_js\\week_7\\student_management_testing\\controllers\\sort.js","statementMap":{"0":{"start":{"line":1,"column":16},"end":{"line":1,"column":43}},"1":{"start":{"line":2,"column":15},"end":{"line":2,"column":41}},"2":{"start":{"line":3,"column":18},"end":{"line":3,"column":54}},"3":{"start":{"line":4,"column":26},"end":{"line":4,"column":61}},"4":{"start":{"line":6,"column":0},"end":{"line":21,"column":2}},"5":{"start":{"line":7,"column":2},"end":{"line":20,"column":3}},"6":{"start":{"line":8,"column":51},"end":{"line":8,"column":60}},"7":{"start":{"line":11,"column":21},"end":{"line":11,"column":41}},"8":{"start":{"line":13,"column":27},"end":{"line":13,"column":61}},"9":{"start":{"line":15,"column":4},"end":{"line":15,"column":29}},"10":{"start":{"line":17,"column":4},"end":{"line":19,"column":71}},"11":{"start":{"line":24,"column":0},"end":{"line":40,"column":2}},"12":{"start":{"line":25,"column":2},"end":{"line":39,"column":3}},"13":{"start":{"line":26,"column":47},"end":{"line":26,"column":56}},"14":{"start":{"line":29,"column":20},"end":{"line":29,"column":39}},"15":{"start":{"line":32,"column":26},"end":{"line":32,"column":65}},"16":{"start":{"line":34,"column":4},"end":{"line":34,"column":28}},"17":{"start":{"line":36,"column":4},"end":{"line":38,"column":70}}},"fnMap":{"0":{"name":"(anonymous_0)","decl":{"start":{"line":6,"column":23},"end":{"line":6,"column":24}},"loc":{"start":{"line":6,"column":43},"end":{"line":21,"column":1}},"line":6},"1":{"name":"(anonymous_1)","decl":{"start":{"line":24,"column":22},"end":{"line":24,"column":23}},"loc":{"start":{"line":24,"column":42},"end":{"line":40,"column":1}},"line":24}},"branchMap":{"0":{"loc":{"start":{"line":8,"column":12},"end":{"line":8,"column":31}},"type":"default-arg","locations":[{"start":{"line":8,"column":21},"end":{"line":8,"column":31}}],"line":8},"1":{"loc":{"start":{"line":8,"column":33},"end":{"line":8,"column":46}},"type":"default-arg","locations":[{"start":{"line":8,"column":41},"end":{"line":8,"column":46}}],"line":8},"2":{"loc":{"start":{"line":26,"column":12},"end":{"line":26,"column":27}},"type":"default-arg","locations":[{"start":{"line":26,"column":21},"end":{"line":26,"column":27}}],"line":26},"3":{"loc":{"start":{"line":26,"column":29},"end":{"line":26,"column":42}},"type":"default-arg","locations":[{"start":{"line":26,"column":37},"end":{"line":26,"column":42}}],"line":26}},"s":{"0":1,"1":1,"2":1,"3":1,"4":1,"5":0,"6":0,"7":0,"8":0,"9":0,"10":0,"11":1,"12":0,"13":0,"14":0,"15":0,"16":0,"17":0},"f":{"0":0,"1":0},"b":{"0":[0],"1":[0],"2":[0],"3":[0]},"_coverageSchema":"1a1c01bbd47fc00a2c39e90264f33305004495a9","hash":"47593691c9e12fc2b69951ccfdd9a29c5e318bca"}
,"C:\\Users\\DanielAjayiLotsu\\OneDrive - AmaliTech gGmbH\\Desktop\\dsa_js\\week_7\\student_management_testing\\controllers\\student.js": {"path":"C:\\Users\\DanielAjayiLotsu\\OneDrive - AmaliTech gGmbH\\Desktop\\dsa_js\\week_7\\student_management_testing\\controllers\\student.js","statementMap":{"0":{"start":{"line":1,"column":16},"end":{"line":1,"column":43}},"1":{"start":{"line":2,"column":15},"end":{"line":2,"column":34}},"2":{"start":{"line":5,"column":0},"end":{"line":74,"column":2}},"3":{"start":{"line":16,"column":6},"end":{"line":16,"column":14}},"4":{"start":{"line":19,"column":2},"end":{"line":34,"column":3}},"5":{"start":{"line":30,"column":4},"end":{"line":33,"column":7}},"6":{"start":{"line":37,"column":28},"end":{"line":37,"column":67}},"7":{"start":{"line":38,"column":2},"end":{"line":43,"column":3}},"8":{"start":{"line":39,"column":4},"end":{"line":42,"column":7}},"9":{"start":{"line":46,"column":27},"end":{"line":50,"column":3}},"10":{"start":{"line":47,"column":19},"end":{"line":47,"column":24}},"11":{"start":{"line":48,"column":26},"end":{"line":48,"column":62}},"12":{"start":{"line":49,"column":4},"end":{"line":49,"column":39}},"13":{"start":{"line":52,"column":20},"end":{"line":52,"column":38}},"14":{"start":{"line":55,"column":25},"end":{"line":55,"column":78}},"15":{"start":{"line":57,"column":18},"end":{"line":68,"column":4}},"16":{"start":{"line":69,"column":2},"end":{"line":73,"column":5}},"17":{"start":{"line":77,"column":0},"end":{"line":101,"column":2}},"18":{"start":{"line":79,"column":16},"end":{"line":79,"column":17}},"19":{"start":{"line":80,"column":15},"end":{"line":80,"column":42}},"20":{"start":{"line":82,"column":21},"end":{"line":82,"column":39}},"21":{"start":{"line":84,"column":19},"end":{"line":84,"column":69}},"22":{"start":{"line":85,"column":22},"end":{"line":85,"column":52}},"23":{"start":{"line":88,"column":2},"end":{"line":93,"column":3}},"24":{"start":{"line":89,"column":4},"end":{"line":92,"column":7}},"25":{"start":{"line":95,"column":2},"end":{"line":100,"column":5}},"26":{"start":{"line":104,"column":0},"end":{"line":121,"column":2}},"27":{"start":{"line":105,"column":13},"end":{"line":105,"column":26}},"28":{"start":{"line":106,"column":18},"end":{"line":106,"column":58}},"29":{"start":{"line":109,"column":2},"end":{"line":114,"column":3}},"30":{"start":{"line":110,"column":4},"end":{"line":113,"column":7}},"31":{"start":{"line":116,"column":2},"end":{"line":120,"column":5}},"32":{"start":{"line":124,"column":0},"end":{"line":188,"column":2}},"33":{"start":{"line":125,"column":13},"end":{"line":125,"column":26}},"34":{"start":{"line":140,"column":6},"end":{"line":140,"column":14}},"35":{"start":{"line":143,"column":2},"end":{"line":158,"column":3}},"36":{"start":{"line":154,"column":4},"end":{"line":157,"column":7}},"37":{"start":{"line":161,"column":28},"end":{"line":161,"column":67}},"38":{"start":{"line":162,"column":2},"end":{"line":162,"column":57}},"39":{"start":{"line":162,"column":25},"end":{"line":162,"column":57}},"40":{"start":{"line":165,"column":25},"end":{"line":165,"column":78}},"41":{"start":{"line":166,"column":18},"end":{"line":182,"column":3}},"42":{"start":{"line":183,"column":2},"end":{"line":187,"column":5}},"43":{"start":{"line":191,"column":0},"end":{"line":247,"column":2}},"44":{"start":{"line":192,"column":20},"end":{"line":192,"column":38}},"45":{"start":{"line":203,"column":6},"end":{"line":203,"column":14}},"46":{"start":{"line":206,"column":2},"end":{"line":220,"column":3}},"47":{"start":{"line":216,"column":4},"end":{"line":219,"column":7}},"48":{"start":{"line":223,"column":18},"end":{"line":236,"column":3}},"49":{"start":{"line":238,"column":2},"end":{"line":242,"column":5}},"50":{"start":{"line":243,"column":2},"end":{"line":246,"column":5}},"51":{"start":{"line":250,"column":0},"end":{"line":266,"column":2}},"52":{"start":{"line":251,"column":13},"end":{"line":251,"column":26}},"53":{"start":{"line":252,"column":18},"end":{"line":252,"column":67}},"54":{"start":{"line":255,"column":2},"end":{"line":260,"column":3}},"55":{"start":{"line":256,"column":4},"end":{"line":259,"column":7}},"56":{"start":{"line":261,"column":2},"end":{"line":265,"column":5}}},"fnMap":{"0":{"name":"(anonymous_0)","decl":{"start":{"line":5,"column":26},"end":{"line":5,"column":27}},"loc":{"start":{"line":5,"column":46},"end":{"line":74,"column":1}},"line":5},"1":{"name":"(anonymous_1)","decl":{"start":{"line":46,"column":27},"end":{"line":46,"column":28}},"loc":{"start":{"line":46,"column":33},"end":{"line":50,"column":3}},"line":46},"2":{"name":"(anonymous_2)","decl":{"start":{"line":77,"column":25},"end":{"line":77,"column":26}},"loc":{"start":{"line":77,"column":45},"end":{"line":101,"column":1}},"line":77},"3":{"name":"(anonymous_3)","decl":{"start":{"line":104,"column":25},"end":{"line":104,"column":26}},"loc":{"start":{"line":104,"column":45},"end":{"line":121,"column":1}},"line":104},"4":{"name":"(anonymous_4)","decl":{"start":{"line":124,"column":28},"end":{"line":124,"column":29}},"loc":{"start":{"line":124,"column":48},"end":{"line":188,"column":1}},"line":124},"5":{"name":"(anonymous_5)","decl":{"start":{"line":191,"column":28},"end":{"line":191,"column":29}},"loc":{"start":{"line":191,"column":48},"end":{"line":247,"column":1}},"line":191},"6":{"name":"(anonymous_6)","decl":{"start":{"line":250,"column":28},"end":{"line":250,"column":29}},"loc":{"start":{"line":250,"column":48},"end":{"line":266,"column":1}},"line":250}},"branchMap":{"0":{"loc":{"start":{"line":19,"column":2},"end":{"line":34,"column":3}},"type":"if","locations":[{"start":{"line":19,"column":2},"end":{"line":34,"column":3}},{"start":{},"end":{}}],"line":19},"1":{"loc":{"start":{"line":20,"column":4},"end":{"line":28,"column":19}},"type":"binary-expr","locations":[{"start":{"line":20,"column":4},"end":{"line":20,"column":14}},{"start":{"line":21,"column":4},"end":{"line":21,"column":13}},{"start":{"line":22,"column":4},"end":{"line":22,"column":16}},{"start":{"line":23,"column":4},"end":{"line":23,"column":10}},{"start":{"line":24,"column":4},"end":{"line":24,"column":13}},{"start":{"line":25,"column":4},"end":{"line":25,"column":10}},{"start":{"line":26,"column":4},"end":{"line":26,"column":12}},{"start":{"line":27,"column":4},"end":{"line":27,"column":11}},{"start":{"line":28,"column":4},"end":{"line":28,"column":19}}],"line":20},"2":{"loc":{"start":{"line":38,"column":2},"end":{"line":43,"column":3}},"type":"if","locations":[{"start":{"line":38,"column":2},"end":{"line":43,"column":3}},{"start":{},"end":{}}],"line":38},"3":{"loc":{"start":{"line":80,"column":15},"end":{"line":80,"column":42}},"type":"binary-expr","locations":[{"start":{"line":80,"column":15},"end":{"line":80,"column":37}},{"start":{"line":80,"column":41},"end":{"line":80,"column":42}}],"line":80},"4":{"loc":{"start":{"line":88,"column":2},"end":{"line":93,"column":3}},"type":"if","locations":[{"start":{"line":88,"column":2},"end":{"line":93,"column":3}},{"start":{},"end":{}}],"line":88},"5":{"loc":{"start":{"line":109,"column":2},"end":{"line":114,"column":3}},"type":"if","locations":[{"start":{"line":109,"column":2},"end":{"line":114,"column":3}},{"start":{},"end":{}}],"line":109},"6":{"loc":{"start":{"line":143,"column":2},"end":{"line":158,"column":3}},"type":"if","locations":[{"start":{"line":143,"column":2},"end":{"line":158,"column":3}},{"start":{},"end":{}}],"line":143},"7":{"loc":{"start":{"line":144,"column":4},"end":{"line":152,"column":19}},"type":"binary-expr","locations":[{"start":{"line":144,"column":4},"end":{"line":144,"column":14}},{"start":{"line":145,"column":4},"end":{"line":145,"column":13}},{"start":{"line":146,"column":4},"end":{"line":146,"column":16}},{"start":{"line":147,"column":4},"end":{"line":147,"column":10}},{"start":{"line":148,"column":4},"end":{"line":148,"column":13}},{"start":{"line":149,"column":4},"end":{"line":149,"column":10}},{"start":{"line":150,"column":4},"end":{"line":150,"column":12}},{"start":{"line":151,"column":4},"end":{"line":151,"column":11}},{"start":{"line":152,"column":4},"end":{"line":152,"column":19}}],"line":144},"8":{"loc":{"start":{"line":162,"column":2},"end":{"line":162,"column":57}},"type":"if","locations":[{"start":{"line":162,"column":2},"end":{"line":162,"column":57}},{"start":{},"end":{}}],"line":162},"9":{"loc":{"start":{"line":206,"column":2},"end":{"line":220,"column":3}},"type":"if","locations":[{"start":{"line":206,"column":2},"end":{"line":220,"column":3}},{"start":{},"end":{}}],"line":206},"10":{"loc":{"start":{"line":207,"column":4},"end":{"line":214,"column":11}},"type":"binary-expr","locations":[{"start":{"line":207,"column":4},"end":{"line":207,"column":14}},{"start":{"line":208,"column":4},"end":{"line":208,"column":13}},{"start":{"line":209,"column":4},"end":{"line":209,"column":16}},{"start":{"line":210,"column":4},"end":{"line":210,"column":10}},{"start":{"line":211,"column":4},"end":{"line":211,"column":13}},{"start":{"line":212,"column":4},"end":{"line":212,"column":10}},{"start":{"line":213,"column":4},"end":{"line":213,"column":12}},{"start":{"line":214,"column":4},"end":{"line":214,"column":11}}],"line":207},"11":{"loc":{"start":{"line":255,"column":2},"end":{"line":260,"column":3}},"type":"if","locations":[{"start":{"line":255,"column":2},"end":{"line":260,"column":3}},{"start":{},"end":{}}],"line":255}},"s":{"0":1,"1":1,"2":1,"3":0,"4":0,"5":0,"6":0,"7":0,"8":0,"9":0,"10":0,"11":0,"12":0,"13":0,"14":0,"15":0,"16":0,"17":1,"18":0,"19":0,"20":0,"21":0,"22":0,"23":0,"24":0,"25":0,"26":1,"27":0,"28":0,"29":0,"30":0,"31":0,"32":1,"33":0,"34":0,"35":0,"36":0,"37":0,"38":0,"39":0,"40":0,"41":0,"42":0,"43":1,"44":0,"45":0,"46":0,"47":0,"48":0,"49":0,"50":0,"51":1,"52":0,"53":0,"54":0,"55":0,"56":0},"f":{"0":0,"1":0,"2":0,"3":0,"4":0,"5":0,"6":0},"b":{"0":[0,0],"1":[0,0,0,0,0,0,0,0,0],"2":[0,0],"3":[0,0],"4":[0,0],"5":[0,0],"6":[0,0],"7":[0,0,0,0,0,0,0,0,0],"8":[0,0],"9":[0,0],"10":[0,0,0,0,0,0,0,0],"11":[0,0]},"_coverageSchema":"1a1c01bbd47fc00a2c39e90264f33305004495a9","hash":"0598dc8e90de0116d99009a94b2817a6f3f8b9ee"}
,"C:\\Users\\DanielAjayiLotsu\\OneDrive - AmaliTech gGmbH\\Desktop\\dsa_js\\week_7\\student_management_testing\\middleware\\cache.js": {"path":"C:\\Users\\DanielAjayiLotsu\\OneDrive - AmaliTech gGmbH\\Desktop\\dsa_js\\week_7\\student_management_testing\\middleware\\cache.js","statementMap":{"0":{"start":{"line":1,"column":24},"end":{"line":1,"column":49}},"1":{"start":{"line":2,"column":15},"end":{"line":2,"column":41}},"2":{"start":{"line":5,"column":14},"end":{"line":24,"column":1}},"3":{"start":{"line":6,"column":2},"end":{"line":23,"column":4}},"4":{"start":{"line":7,"column":16},"end":{"line":7,"column":42}},"5":{"start":{"line":8,"column":4},"end":{"line":22,"column":5}},"6":{"start":{"line":9,"column":25},"end":{"line":9,"column":51}},"7":{"start":{"line":10,"column":6},"end":{"line":12,"column":7}},"8":{"start":{"line":11,"column":8},"end":{"line":11,"column":48}},"9":{"start":{"line":13,"column":6},"end":{"line":13,"column":34}},"10":{"start":{"line":14,"column":6},"end":{"line":17,"column":8}},"11":{"start":{"line":15,"column":8},"end":{"line":15,"column":69}},"12":{"start":{"line":16,"column":8},"end":{"line":16,"column":31}},"13":{"start":{"line":18,"column":6},"end":{"line":18,"column":13}},"14":{"start":{"line":20,"column":6},"end":{"line":20,"column":53}},"15":{"start":{"line":21,"column":6},"end":{"line":21,"column":13}},"16":{"start":{"line":25,"column":0},"end":{"line":25,"column":23}}},"fnMap":{"0":{"name":"(anonymous_0)","decl":{"start":{"line":5,"column":14},"end":{"line":5,"column":15}},"loc":{"start":{"line":5,"column":28},"end":{"line":24,"column":1}},"line":5},"1":{"name":"(anonymous_1)","decl":{"start":{"line":6,"column":9},"end":{"line":6,"column":10}},"loc":{"start":{"line":6,"column":35},"end":{"line":23,"column":3}},"line":6},"2":{"name":"(anonymous_2)","decl":{"start":{"line":14,"column":17},"end":{"line":14,"column":18}},"loc":{"start":{"line":14,"column":33},"end":{"line":17,"column":7}},"line":14}},"branchMap":{"0":{"loc":{"start":{"line":10,"column":6},"end":{"line":12,"column":7}},"type":"if","locations":[{"start":{"line":10,"column":6},"end":{"line":12,"column":7}},{"start":{},"end":{}}],"line":10}},"s":{"0":1,"1":1,"2":1,"3":7,"4":0,"5":0,"6":0,"7":0,"8":0,"9":0,"10":0,"11":0,"12":0,"13":0,"14":0,"15":0,"16":1},"f":{"0":7,"1":0,"2":0},"b":{"0":[0,0]},"_coverageSchema":"1a1c01bbd47fc00a2c39e90264f33305004495a9","hash":"c2556cbb669f47efe33fbefde6f1d9e2f3871bba"}
,"C:\\Users\\DanielAjayiLotsu\\OneDrive - AmaliTech gGmbH\\Desktop\\dsa_js\\week_7\\student_management_testing\\middleware\\errorHandler.js": {"path":"C:\\Users\\DanielAjayiLotsu\\OneDrive - AmaliTech gGmbH\\Desktop\\dsa_js\\week_7\\student_management_testing\\middleware\\errorHandler.js","statementMap":{"0":{"start":{"line":1,"column":15},"end":{"line":1,"column":41}},"1":{"start":{"line":2,"column":0},"end":{"line":15,"column":2}},"2":{"start":{"line":3,"column":2},"end":{"line":7,"column":5}},"3":{"start":{"line":8,"column":2},"end":{"line":13,"column":3}},"4":{"start":{"line":9,"column":4},"end":{"line":12,"column":7}},"5":{"start":{"line":14,"column":2},"end":{"line":14,"column":9}}},"fnMap":{"0":{"name":"(anonymous_0)","decl":{"start":{"line":2,"column":23},"end":{"line":2,"column":24}},"loc":{"start":{"line":2,"column":50},"end":{"line":15,"column":1}},"line":2}},"branchMap":{"0":{"loc":{"start":{"line":8,"column":2},"end":{"line":13,"column":3}},"type":"if","locations":[{"start":{"line":8,"column":2},"end":{"line":13,"column":3}},{"start":{},"end":{}}],"line":8},"1":{"loc":{"start":{"line":11,"column":13},"end":{"line":11,"column":50}},"type":"cond-expr","locations":[{"start":{"line":11,"column":29},"end":{"line":11,"column":42}},{"start":{"line":11,"column":45},"end":{"line":11,"column":50}}],"line":11}},"s":{"0":1,"1":1,"2":0,"3":0,"4":0,"5":0},"f":{"0":0},"b":{"0":[0,0],"1":[0,0]},"_coverageSchema":"1a1c01bbd47fc00a2c39e90264f33305004495a9","hash":"b3ab5bbf8bf4803a770b14969aa87f6d2500d6d6"}
,"C:\\Users\\DanielAjayiLotsu\\OneDrive - AmaliTech gGmbH\\Desktop\\dsa_js\\week_7\\student_management_testing\\middleware\\instructorAuth.js": {"path":"C:\\Users\\DanielAjayiLotsu\\OneDrive - AmaliTech gGmbH\\Desktop\\dsa_js\\week_7\\student_management_testing\\middleware\\instructorAuth.js","statementMap":{"0":{"start":{"line":1,"column":12},"end":{"line":1,"column":35}},"1":{"start":{"line":3,"column":23},"end":{"line":19,"column":1}},"2":{"start":{"line":4,"column":2},"end":{"line":4,"column":33}},"3":{"start":{"line":5,"column":22},"end":{"line":5,"column":61}},"4":{"start":{"line":6,"column":22},"end":{"line":6,"column":69}},"5":{"start":{"line":7,"column":2},"end":{"line":7,"column":27}},"6":{"start":{"line":9,"column":2},"end":{"line":15,"column":3}},"7":{"start":{"line":10,"column":4},"end":{"line":13,"column":7}},"8":{"start":{"line":14,"column":4},"end":{"line":14,"column":11}},"9":{"start":{"line":16,"column":2},"end":{"line":16,"column":25}},"10":{"start":{"line":17,"column":2},"end":{"line":17,"column":24}},"11":{"start":{"line":18,"column":2},"end":{"line":18,"column":9}},"12":{"start":{"line":20,"column":0},"end":{"line":20,"column":32}}},"fnMap":{"0":{"name":"(anonymous_0)","decl":{"start":{"line":3,"column":23},"end":{"line":3,"column":24}},"loc":{"start":{"line":3,"column":43},"end":{"line":19,"column":1}},"line":3}},"branchMap":{"0":{"loc":{"start":{"line":9,"column":2},"end":{"line":15,"column":3}},"type":"if","locations":[{"start":{"line":9,"column":2},"end":{"line":15,"column":3}},{"start":{},"end":{}}],"line":9},"1":{"loc":{"start":{"line":9,"column":6},"end":{"line":9,"column":52}},"type":"binary-expr","locations":[{"start":{"line":9,"column":6},"end":{"line":9,"column":18}},{"start":{"line":9,"column":22},"end":{"line":9,"column":52}}],"line":9}},"s":{"0":1,"1":1,"2":0,"3":0,"4":0,"5":0,"6":0,"7":0,"8":0,"9":0,"10":0,"11":0,"12":1},"f":{"0":0},"b":{"0":[0,0],"1":[0,0]},"_coverageSchema":"1a1c01bbd47fc00a2c39e90264f33305004495a9","hash":"e710855497ad2ad25b0c76620c48466ec63ef137"}
,"C:\\Users\\DanielAjayiLotsu\\OneDrive - AmaliTech gGmbH\\Desktop\\dsa_js\\week_7\\student_management_testing\\middleware\\studentAuth.js": {"path":"C:\\Users\\DanielAjayiLotsu\\OneDrive - AmaliTech gGmbH\\Desktop\\dsa_js\\week_7\\student_management_testing\\middleware\\studentAuth.js","statementMap":{"0":{"start":{"line":1,"column":12},"end":{"line":1,"column":35}},"1":{"start":{"line":3,"column":20},"end":{"line":17,"column":1}},"2":{"start":{"line":4,"column":2},"end":{"line":4,"column":30}},"3":{"start":{"line":5,"column":22},"end":{"line":5,"column":61}},"4":{"start":{"line":6,"column":22},"end":{"line":6,"column":69}},"5":{"start":{"line":8,"column":2},"end":{"line":14,"column":3}},"6":{"start":{"line":9,"column":4},"end":{"line":12,"column":7}},"7":{"start":{"line":13,"column":4},"end":{"line":13,"column":11}},"8":{"start":{"line":15,"column":2},"end":{"line":15,"column":25}},"9":{"start":{"line":16,"column":2},"end":{"line":16,"column":9}},"10":{"start":{"line":19,"column":0},"end":{"line":19,"column":29}}},"fnMap":{"0":{"name":"(anonymous_0)","decl":{"start":{"line":3,"column":20},"end":{"line":3,"column":21}},"loc":{"start":{"line":3,"column":40},"end":{"line":17,"column":1}},"line":3}},"branchMap":{"0":{"loc":{"start":{"line":8,"column":2},"end":{"line":14,"column":3}},"type":"if","locations":[{"start":{"line":8,"column":2},"end":{"line":14,"column":3}},{"start":{},"end":{}}],"line":8}},"s":{"0":1,"1":1,"2":0,"3":0,"4":0,"5":0,"6":0,"7":0,"8":0,"9":0,"10":1},"f":{"0":0},"b":{"0":[0,0]},"_coverageSchema":"1a1c01bbd47fc00a2c39e90264f33305004495a9","hash":"b5247fc26ecade89c6aaa6b09c271faeace1b3f2"}
,"C:\\Users\\DanielAjayiLotsu\\OneDrive - AmaliTech gGmbH\\Desktop\\dsa_js\\week_7\\student_management_testing\\model\\course.js": {"path":"C:\\Users\\DanielAjayiLotsu\\OneDrive - AmaliTech gGmbH\\Desktop\\dsa_js\\week_7\\student_management_testing\\model\\course.js","statementMap":{"0":{"start":{"line":1,"column":17},"end":{"line":1,"column":36}},"1":{"start":{"line":3,"column":21},"end":{"line":34,"column":1}},"2":{"start":{"line":36,"column":15},"end":{"line":36,"column":53}},"3":{"start":{"line":38,"column":0},"end":{"line":38,"column":24}}},"fnMap":{},"branchMap":{},"s":{"0":1,"1":1,"2":1,"3":1},"f":{},"b":{},"_coverageSchema":"1a1c01bbd47fc00a2c39e90264f33305004495a9","hash":"c1b93de58039f3c8387730c4c5ec7e0decd3cf71"}
,"C:\\Users\\DanielAjayiLotsu\\OneDrive - AmaliTech gGmbH\\Desktop\\dsa_js\\week_7\\student_management_testing\\model\\enrollment.js": {"path":"C:\\Users\\DanielAjayiLotsu\\OneDrive - AmaliTech gGmbH\\Desktop\\dsa_js\\week_7\\student_management_testing\\model\\enrollment.js","statementMap":{"0":{"start":{"line":1,"column":17},"end":{"line":1,"column":36}},"1":{"start":{"line":3,"column":25},"end":{"line":23,"column":1}},"2":{"start":{"line":25,"column":19},"end":{"line":25,"column":65}},"3":{"start":{"line":27,"column":0},"end":{"line":27,"column":28}}},"fnMap":{},"branchMap":{},"s":{"0":1,"1":1,"2":1,"3":1},"f":{},"b":{},"_coverageSchema":"1a1c01bbd47fc00a2c39e90264f33305004495a9","hash":"21fc19e49d1c74cf104ba62e9f1290ab60622fd5"}
,"C:\\Users\\DanielAjayiLotsu\\OneDrive - AmaliTech gGmbH\\Desktop\\dsa_js\\week_7\\student_management_testing\\model\\instructor.js": {"path":"C:\\Users\\DanielAjayiLotsu\\OneDrive - AmaliTech gGmbH\\Desktop\\dsa_js\\week_7\\student_management_testing\\model\\instructor.js","statementMap":{"0":{"start":{"line":1,"column":17},"end":{"line":1,"column":36}},"1":{"start":{"line":3,"column":25},"end":{"line":57,"column":1}},"2":{"start":{"line":59,"column":19},"end":{"line":59,"column":65}},"3":{"start":{"line":61,"column":0},"end":{"line":61,"column":28}}},"fnMap":{},"branchMap":{},"s":{"0":1,"1":1,"2":1,"3":1},"f":{},"b":{},"_coverageSchema":"1a1c01bbd47fc00a2c39e90264f33305004495a9","hash":"577518238c638a7da5d138bee0373474d2786465"}
,"C:\\Users\\DanielAjayiLotsu\\OneDrive - AmaliTech gGmbH\\Desktop\\dsa_js\\week_7\\student_management_testing\\model\\student.js": {"path":"C:\\Users\\DanielAjayiLotsu\\OneDrive - AmaliTech gGmbH\\Desktop\\dsa_js\\week_7\\student_management_testing\\model\\student.js","statementMap":{"0":{"start":{"line":1,"column":17},"end":{"line":1,"column":36}},"1":{"start":{"line":3,"column":22},"end":{"line":62,"column":1}},"2":{"start":{"line":64,"column":16},"end":{"line":64,"column":56}},"3":{"start":{"line":66,"column":0},"end":{"line":66,"column":25}}},"fnMap":{},"branchMap":{},"s":{"0":1,"1":1,"2":1,"3":1},"f":{},"b":{},"_coverageSchema":"1a1c01bbd47fc00a2c39e90264f33305004495a9","hash":"879e7a1912ea889a3002da72e4735557708e25d7"}
,"C:\\Users\\DanielAjayiLotsu\\OneDrive - AmaliTech gGmbH\\Desktop\\dsa_js\\week_7\\student_management_testing\\routes\\auth.js": {"path":"C:\\Users\\DanielAjayiLotsu\\OneDrive - AmaliTech gGmbH\\Desktop\\dsa_js\\week_7\\student_management_testing\\routes\\auth.js","statementMap":{"0":{"start":{"line":1,"column":16},"end":{"line":1,"column":34}},"1":{"start":{"line":6,"column":4},"end":{"line":6,"column":34}},"2":{"start":{"line":7,"column":20},"end":{"line":7,"column":56}},"3":{"start":{"line":8,"column":23},"end":{"line":8,"column":62}},"4":{"start":{"line":9,"column":14},"end":{"line":9,"column":44}},"5":{"start":{"line":11,"column":19},"end":{"line":11,"column":35}},"6":{"start":{"line":40,"column":0},"end":{"line":40,"column":61}},"7":{"start":{"line":63,"column":0},"end":{"line":63,"column":67}},"8":{"start":{"line":86,"column":0},"end":{"line":86,"column":79}},"9":{"start":{"line":88,"column":0},"end":{"line":88,"column":28}}},"fnMap":{},"branchMap":{},"s":{"0":1,"1":1,"2":1,"3":1,"4":1,"5":1,"6":1,"7":1,"8":1,"9":1},"f":{},"b":{},"_coverageSchema":"1a1c01bbd47fc00a2c39e90264f33305004495a9","hash":"d550d20e75f34c2f871b5031e09ac2c8697bc63a"}
,"C:\\Users\\DanielAjayiLotsu\\OneDrive - AmaliTech gGmbH\\Desktop\\dsa_js\\week_7\\student_management_testing\\routes\\course.js": {"path":"C:\\Users\\DanielAjayiLotsu\\OneDrive - AmaliTech gGmbH\\Desktop\\dsa_js\\week_7\\student_management_testing\\routes\\course.js","statementMap":{"0":{"start":{"line":1,"column":16},"end":{"line":1,"column":34}},"1":{"start":{"line":8,"column":4},"end":{"line":8,"column":36}},"2":{"start":{"line":9,"column":23},"end":{"line":9,"column":62}},"3":{"start":{"line":11,"column":21},"end":{"line":11,"column":37}},"4":{"start":{"line":42,"column":0},"end":{"line":42,"column":53}},"5":{"start":{"line":60,"column":0},"end":{"line":60,"column":37}},"6":{"start":{"line":90,"column":0},"end":{"line":90,"column":40}},"7":{"start":{"line":126,"column":0},"end":{"line":126,"column":66}},"8":{"start":{"line":155,"column":0},"end":{"line":155,"column":69}},"9":{"start":{"line":156,"column":0},"end":{"line":156,"column":30}}},"fnMap":{},"branchMap":{},"s":{"0":1,"1":1,"2":1,"3":1,"4":1,"5":1,"6":1,"7":1,"8":1,"9":1},"f":{},"b":{},"_coverageSchema":"1a1c01bbd47fc00a2c39e90264f33305004495a9","hash":"865e911fa5c7798341cc3ecdda00f3f610cd16e0"}
,"C:\\Users\\DanielAjayiLotsu\\OneDrive - AmaliTech gGmbH\\Desktop\\dsa_js\\week_7\\student_management_testing\\routes\\enrollment.js": {"path":"C:\\Users\\DanielAjayiLotsu\\OneDrive - AmaliTech gGmbH\\Desktop\\dsa_js\\week_7\\student_management_testing\\routes\\enrollment.js","statementMap":{"0":{"start":{"line":1,"column":16},"end":{"line":1,"column":34}},"1":{"start":{"line":8,"column":4},"end":{"line":8,"column":40}},"2":{"start":{"line":9,"column":23},"end":{"line":9,"column":62}},"3":{"start":{"line":10,"column":20},"end":{"line":10,"column":56}},"4":{"start":{"line":11,"column":14},"end":{"line":11,"column":44}},"5":{"start":{"line":12,"column":25},"end":{"line":12,"column":41}},"6":{"start":{"line":42,"column":0},"end":{"line":42,"column":61}},"7":{"start":{"line":65,"column":0},"end":{"line":65,"column":63}},"8":{"start":{"line":89,"column":0},"end":{"line":94,"column":2}},"9":{"start":{"line":118,"column":0},"end":{"line":123,"column":2}},"10":{"start":{"line":153,"column":0},"end":{"line":153,"column":77}},"11":{"start":{"line":155,"column":0},"end":{"line":155,"column":34}}},"fnMap":{},"branchMap":{},"s":{"0":1,"1":1,"2":1,"3":1,"4":1,"5":1,"6":1,"7":1,"8":1,"9":1,"10":1,"11":1},"f":{},"b":{},"_coverageSchema":"1a1c01bbd47fc00a2c39e90264f33305004495a9","hash":"abf17d50c69c1be5cf7739bfc86ed34c3eef711f"}
,"C:\\Users\\DanielAjayiLotsu\\OneDrive - AmaliTech gGmbH\\Desktop\\dsa_js\\week_7\\student_management_testing\\routes\\instructor.js": {"path":"C:\\Users\\DanielAjayiLotsu\\OneDrive - AmaliTech gGmbH\\Desktop\\dsa_js\\week_7\\student_management_testing\\routes\\instructor.js","statementMap":{"0":{"start":{"line":1,"column":16},"end":{"line":1,"column":34}},"1":{"start":{"line":8,"column":4},"end":{"line":8,"column":40}},"2":{"start":{"line":9,"column":23},"end":{"line":9,"column":62}},"3":{"start":{"line":11,"column":25},"end":{"line":11,"column":41}},"4":{"start":{"line":48,"column":0},"end":{"line":48,"column":45}},"5":{"start":{"line":70,"column":0},"end":{"line":70,"column":61}},"6":{"start":{"line":101,"column":0},"end":{"line":101,"column":64}},"7":{"start":{"line":136,"column":0},"end":{"line":136,"column":74}},"8":{"start":{"line":165,"column":0},"end":{"line":165,"column":77}},"9":{"start":{"line":167,"column":0},"end":{"line":167,"column":34}}},"fnMap":{},"branchMap":{},"s":{"0":1,"1":1,"2":1,"3":1,"4":1,"5":1,"6":1,"7":1,"8":1,"9":1},"f":{},"b":{},"_coverageSchema":"1a1c01bbd47fc00a2c39e90264f33305004495a9","hash":"838d2076b21d2b9e50bc457f02f55f6b4d62d6da"}
,"C:\\Users\\DanielAjayiLotsu\\OneDrive - AmaliTech gGmbH\\Desktop\\dsa_js\\week_7\\student_management_testing\\routes\\sort.js": {"path":"C:\\Users\\DanielAjayiLotsu\\OneDrive - AmaliTech gGmbH\\Desktop\\dsa_js\\week_7\\student_management_testing\\routes\\sort.js","statementMap":{"0":{"start":{"line":1,"column":16},"end":{"line":1,"column":34}},"1":{"start":{"line":2,"column":38},"end":{"line":2,"column":68}},"2":{"start":{"line":3,"column":23},"end":{"line":3,"column":62}},"3":{"start":{"line":4,"column":14},"end":{"line":4,"column":44}},"4":{"start":{"line":5,"column":19},"end":{"line":5,"column":35}},"5":{"start":{"line":42,"column":0},"end":{"line":42,"column":71}},"6":{"start":{"line":71,"column":0},"end":{"line":71,"column":68}},"7":{"start":{"line":73,"column":0},"end":{"line":73,"column":28}}},"fnMap":{},"branchMap":{},"s":{"0":1,"1":1,"2":1,"3":1,"4":1,"5":1,"6":1,"7":1},"f":{},"b":{},"_coverageSchema":"1a1c01bbd47fc00a2c39e90264f33305004495a9","hash":"ae560ed626c8ef2a08387598211e519abaffacc2"}
,"C:\\Users\\DanielAjayiLotsu\\OneDrive - AmaliTech gGmbH\\Desktop\\dsa_js\\week_7\\student_management_testing\\routes\\student.js": {"path":"C:\\Users\\DanielAjayiLotsu\\OneDrive - AmaliTech gGmbH\\Desktop\\dsa_js\\week_7\\student_management_testing\\routes\\student.js","statementMap":{"0":{"start":{"line":1,"column":16},"end":{"line":1,"column":34}},"1":{"start":{"line":9,"column":4},"end":{"line":9,"column":37}},"2":{"start":{"line":10,"column":20},"end":{"line":10,"column":56}},"3":{"start":{"line":11,"column":23},"end":{"line":11,"column":62}},"4":{"start":{"line":12,"column":14},"end":{"line":12,"column":44}},"5":{"start":{"line":13,"column":22},"end":{"line":13,"column":38}},"6":{"start":{"line":41,"column":0},"end":{"line":41,"column":65}},"7":{"start":{"line":57,"column":0},"end":{"line":57,"column":68}},"8":{"start":{"line":86,"column":0},"end":{"line":86,"column":71}},"9":{"start":{"line":111,"column":0},"end":{"line":111,"column":55}},"10":{"start":{"line":142,"column":0},"end":{"line":142,"column":68}},"11":{"start":{"line":167,"column":0},"end":{"line":167,"column":66}},"12":{"start":{"line":169,"column":0},"end":{"line":169,"column":31}}},"fnMap":{},"branchMap":{},"s":{"0":1,"1":1,"2":1,"3":1,"4":1,"5":1,"6":1,"7":1,"8":1,"9":1,"10":1,"11":1,"12":1},"f":{},"b":{},"_coverageSchema":"1a1c01bbd47fc00a2c39e90264f33305004495a9","hash":"92f783186f6f65d7b99de654515e87de17f03fdc"}
,"C:\\Users\\DanielAjayiLotsu\\OneDrive - AmaliTech gGmbH\\Desktop\\dsa_js\\week_7\\student_management_testing\\sortingAlg\\sortCourse.js": {"path":"C:\\Users\\DanielAjayiLotsu\\OneDrive - AmaliTech gGmbH\\Desktop\\dsa_js\\week_7\\student_management_testing\\sortingAlg\\sortCourse.js","statementMap":{"0":{"start":{"line":3,"column":2},"end":{"line":3,"column":34}},"1":{"start":{"line":3,"column":23},"end":{"line":3,"column":34}},"2":{"start":{"line":5,"column":16},"end":{"line":5,"column":35}},"3":{"start":{"line":6,"column":15},"end":{"line":6,"column":17}},"4":{"start":{"line":7,"column":16},"end":{"line":7,"column":18}},"5":{"start":{"line":10,"column":2},"end":{"line":16,"column":3}},"6":{"start":{"line":10,"column":15},"end":{"line":10,"column":16}},"7":{"start":{"line":11,"column":4},"end":{"line":15,"column":5}},"8":{"start":{"line":12,"column":6},"end":{"line":12,"column":24}},"9":{"start":{"line":14,"column":6},"end":{"line":14,"column":25}},"10":{"start":{"line":18,"column":2},"end":{"line":22,"column":4}},"11":{"start":{"line":25,"column":0},"end":{"line":27,"column":2}}},"fnMap":{"0":{"name":"quickSortCourse","decl":{"start":{"line":2,"column":9},"end":{"line":2,"column":24}},"loc":{"start":{"line":2,"column":50},"end":{"line":23,"column":1}},"line":2}},"branchMap":{"0":{"loc":{"start":{"line":2,"column":35},"end":{"line":2,"column":48}},"type":"default-arg","locations":[{"start":{"line":2,"column":43},"end":{"line":2,"column":48}}],"line":2},"1":{"loc":{"start":{"line":3,"column":2},"end":{"line":3,"column":34}},"type":"if","locations":[{"start":{"line":3,"column":2},"end":{"line":3,"column":34}},{"start":{},"end":{}}],"line":3},"2":{"loc":{"start":{"line":11,"column":4},"end":{"line":15,"column":5}},"type":"if","locations":[{"start":{"line":11,"column":4},"end":{"line":15,"column":5}},{"start":{"line":13,"column":11},"end":{"line":15,"column":5}}],"line":11},"3":{"loc":{"start":{"line":11,"column":8},"end":{"line":11,"column":77}},"type":"cond-expr","locations":[{"start":{"line":11,"column":26},"end":{"line":11,"column":50}},{"start":{"line":11,"column":53},"end":{"line":11,"column":77}}],"line":11}},"s":{"0":0,"1":0,"2":0,"3":0,"4":0,"5":0,"6":0,"7":0,"8":0,"9":0,"10":0,"11":1},"f":{"0":0},"b":{"0":[0],"1":[0,0],"2":[0,0],"3":[0,0]},"_coverageSchema":"1a1c01bbd47fc00a2c39e90264f33305004495a9","hash":"9dd427a933f6cc536c402546baac89dcc5d73226"}
,"C:\\Users\\DanielAjayiLotsu\\OneDrive - AmaliTech gGmbH\\Desktop\\dsa_js\\week_7\\student_management_testing\\sortingAlg\\sortStudent.js": {"path":"C:\\Users\\DanielAjayiLotsu\\OneDrive - AmaliTech gGmbH\\Desktop\\dsa_js\\week_7\\student_management_testing\\sortingAlg\\sortStudent.js","statementMap":{"0":{"start":{"line":3,"column":2},"end":{"line":3,"column":34}},"1":{"start":{"line":3,"column":23},"end":{"line":3,"column":34}},"2":{"start":{"line":5,"column":16},"end":{"line":5,"column":35}},"3":{"start":{"line":6,"column":15},"end":{"line":6,"column":17}},"4":{"start":{"line":7,"column":16},"end":{"line":7,"column":18}},"5":{"start":{"line":9,"column":2},"end":{"line":15,"column":3}},"6":{"start":{"line":9,"column":15},"end":{"line":9,"column":16}},"7":{"start":{"line":10,"column":4},"end":{"line":14,"column":5}},"8":{"start":{"line":11,"column":6},"end":{"line":11,"column":24}},"9":{"start":{"line":13,"column":6},"end":{"line":13,"column":25}},"10":{"start":{"line":17,"column":2},"end":{"line":21,"column":4}},"11":{"start":{"line":24,"column":0},"end":{"line":24,"column":27}}},"fnMap":{"0":{"name":"quickSort","decl":{"start":{"line":2,"column":9},"end":{"line":2,"column":18}},"loc":{"start":{"line":2,"column":44},"end":{"line":22,"column":1}},"line":2}},"branchMap":{"0":{"loc":{"start":{"line":2,"column":29},"end":{"line":2,"column":42}},"type":"default-arg","locations":[{"start":{"line":2,"column":37},"end":{"line":2,"column":42}}],"line":2},"1":{"loc":{"start":{"line":3,"column":2},"end":{"line":3,"column":34}},"type":"if","locations":[{"start":{"line":3,"column":2},"end":{"line":3,"column":34}},{"start":{},"end":{}}],"line":3},"2":{"loc":{"start":{"line":10,"column":4},"end":{"line":14,"column":5}},"type":"if","locations":[{"start":{"line":10,"column":4},"end":{"line":14,"column":5}},{"start":{"line":12,"column":11},"end":{"line":14,"column":5}}],"line":10},"3":{"loc":{"start":{"line":10,"column":8},"end":{"line":10,"column":77}},"type":"cond-expr","locations":[{"start":{"line":10,"column":26},"end":{"line":10,"column":50}},{"start":{"line":10,"column":53},"end":{"line":10,"column":77}}],"line":10}},"s":{"0":0,"1":0,"2":0,"3":0,"4":0,"5":0,"6":0,"7":0,"8":0,"9":0,"10":0,"11":1},"f":{"0":0},"b":{"0":[0],"1":[0,0],"2":[0,0],"3":[0,0]},"_coverageSchema":"1a1c01bbd47fc00a2c39e90264f33305004495a9","hash":"db8e0137149fc48dc35a043088d38fcc6ed5c399"}
,"C:\\Users\\DanielAjayiLotsu\\OneDrive - AmaliTech gGmbH\\Desktop\\dsa_js\\week_7\\student_management_testing\\swagger\\authSchema.js": {"path":"C:\\Users\\DanielAjayiLotsu\\OneDrive - AmaliTech gGmbH\\Desktop\\dsa_js\\week_7\\student_management_testing\\swagger\\authSchema.js","statementMap":{"0":{"start":{"line":1,"column":19},"end":{"line":14,"column":1}},"1":{"start":{"line":16,"column":0},"end":{"line":16,"column":28}}},"fnMap":{},"branchMap":{},"s":{"0":1,"1":1},"f":{},"b":{},"_coverageSchema":"1a1c01bbd47fc00a2c39e90264f33305004495a9","hash":"fc72dec41c417373c14b491051b6b8f8118e3caa"}
,"C:\\Users\\DanielAjayiLotsu\\OneDrive - AmaliTech gGmbH\\Desktop\\dsa_js\\week_7\\student_management_testing\\swagger\\courseSchema.js": {"path":"C:\\Users\\DanielAjayiLotsu\\OneDrive - AmaliTech gGmbH\\Desktop\\dsa_js\\week_7\\student_management_testing\\swagger\\courseSchema.js","statementMap":{"0":{"start":{"line":1,"column":21},"end":{"line":26,"column":1}},"1":{"start":{"line":28,"column":0},"end":{"line":28,"column":30}}},"fnMap":{},"branchMap":{},"s":{"0":1,"1":1},"f":{},"b":{},"_coverageSchema":"1a1c01bbd47fc00a2c39e90264f33305004495a9","hash":"0c3bedbf421bf5d4e74f0fd65fe41ac514d513d1"}
,"C:\\Users\\DanielAjayiLotsu\\OneDrive - AmaliTech gGmbH\\Desktop\\dsa_js\\week_7\\student_management_testing\\swagger\\enrollmentSchema.js": {"path":"C:\\Users\\DanielAjayiLotsu\\OneDrive - AmaliTech gGmbH\\Desktop\\dsa_js\\week_7\\student_management_testing\\swagger\\enrollmentSchema.js","statementMap":{"0":{"start":{"line":1,"column":25},"end":{"line":16,"column":1}},"1":{"start":{"line":18,"column":0},"end":{"line":18,"column":34}}},"fnMap":{},"branchMap":{},"s":{"0":1,"1":1},"f":{},"b":{},"_coverageSchema":"1a1c01bbd47fc00a2c39e90264f33305004495a9","hash":"da0ae144daffb6542dd93ef9106e53fa64ecb064"}
,"C:\\Users\\DanielAjayiLotsu\\OneDrive - AmaliTech gGmbH\\Desktop\\dsa_js\\week_7\\student_management_testing\\swagger\\instructorSchema.js": {"path":"C:\\Users\\DanielAjayiLotsu\\OneDrive - AmaliTech gGmbH\\Desktop\\dsa_js\\week_7\\student_management_testing\\swagger\\instructorSchema.js","statementMap":{"0":{"start":{"line":1,"column":25},"end":{"line":38,"column":1}},"1":{"start":{"line":40,"column":0},"end":{"line":40,"column":34}}},"fnMap":{},"branchMap":{},"s":{"0":1,"1":1},"f":{},"b":{},"_coverageSchema":"1a1c01bbd47fc00a2c39e90264f33305004495a9","hash":"1b19151385c08c850423625d5b70975adca15254"}
,"C:\\Users\\DanielAjayiLotsu\\OneDrive - AmaliTech gGmbH\\Desktop\\dsa_js\\week_7\\student_management_testing\\swagger\\studentSchema.js": {"path":"C:\\Users\\DanielAjayiLotsu\\OneDrive - AmaliTech gGmbH\\Desktop\\dsa_js\\week_7\\student_management_testing\\swagger\\studentSchema.js","statementMap":{"0":{"start":{"line":1,"column":22},"end":{"line":59,"column":1}},"1":{"start":{"line":60,"column":0},"end":{"line":60,"column":31}}},"fnMap":{},"branchMap":{},"s":{"0":1,"1":1},"f":{},"b":{},"_coverageSchema":"1a1c01bbd47fc00a2c39e90264f33305004495a9","hash":"a5f65efe0c4191adc9f47eede9db489895dd631c"}
,"C:\\Users\\DanielAjayiLotsu\\OneDrive - AmaliTech gGmbH\\Desktop\\dsa_js\\week_7\\student_management_testing\\swagger\\swagger.js": {"path":"C:\\Users\\DanielAjayiLotsu\\OneDrive - AmaliTech gGmbH\\Desktop\\dsa_js\\week_7\\student_management_testing\\swagger\\swagger.js","statementMap":{"0":{"start":{"line":1,"column":21},"end":{"line":1,"column":45}},"1":{"start":{"line":2,"column":16},"end":{"line":2,"column":42}},"2":{"start":{"line":3,"column":15},"end":{"line":3,"column":40}},"3":{"start":{"line":4,"column":19},"end":{"line":4,"column":48}},"4":{"start":{"line":5,"column":19},"end":{"line":5,"column":48}},"5":{"start":{"line":6,"column":13},"end":{"line":6,"column":36}},"6":{"start":{"line":8,"column":16},"end":{"line":14,"column":1}},"7":{"start":{"line":15,"column":16},"end":{"line":45,"column":1}},"8":{"start":{"line":47,"column":20},"end":{"line":47,"column":41}},"9":{"start":{"line":49,"column":0},"end":{"line":49,"column":29}}},"fnMap":{},"branchMap":{},"s":{"0":1,"1":1,"2":1,"3":1,"4":1,"5":1,"6":1,"7":1,"8":1,"9":1},"f":{},"b":{},"_coverageSchema":"1a1c01bbd47fc00a2c39e90264f33305004495a9","hash":"0e77ce29b614b2ad34a70a810df139a16e2890f7"}
,"C:\\Users\\DanielAjayiLotsu\\OneDrive - AmaliTech gGmbH\\Desktop\\dsa_js\\week_7\\student_management_testing\\utils\\logger.js": {"path":"C:\\Users\\DanielAjayiLotsu\\OneDrive - AmaliTech gGmbH\\Desktop\\dsa_js\\week_7\\student_management_testing\\utils\\logger.js","statementMap":{"0":{"start":{"line":1,"column":16},"end":{"line":1,"column":34}},"1":{"start":{"line":3,"column":15},"end":{"line":17,"column":2}},"2":{"start":{"line":19,"column":0},"end":{"line":25,"column":1}},"3":{"start":{"line":20,"column":2},"end":{"line":24,"column":4}},"4":{"start":{"line":27,"column":0},"end":{"line":27,"column":24}}},"fnMap":{},"branchMap":{"0":{"loc":{"start":{"line":19,"column":0},"end":{"line":25,"column":1}},"type":"if","locations":[{"start":{"line":19,"column":0},"end":{"line":25,"column":1}},{"start":{},"end":{}}],"line":19}},"s":{"0":1,"1":1,"2":1,"3":1,"4":1},"f":{},"b":{"0":[1,0]},"_coverageSchema":"1a1c01bbd47fc00a2c39e90264f33305004495a9","hash":"cc8c424f6b93c9f1b59ab74a33533c8d5c5422d7"}
,"C:\\Users\\DanielAjayiLotsu\\OneDrive - AmaliTech gGmbH\\Desktop\\dsa_js\\week_7\\student_management_testing\\utils\\redis.js": {"path":"C:\\Users\\DanielAjayiLotsu\\OneDrive - AmaliTech gGmbH\\Desktop\\dsa_js\\week_7\\student_management_testing\\utils\\redis.js","statementMap":{"0":{"start":{"line":1,"column":14},"end":{"line":1,"column":30}},"1":{"start":{"line":2,"column":15},"end":{"line":2,"column":34}},"2":{"start":{"line":4,"column":20},"end":{"line":6,"column":2}},"3":{"start":{"line":8,"column":0},"end":{"line":10,"column":3}},"4":{"start":{"line":9,"column":2},"end":{"line":9,"column":44}},"5":{"start":{"line":12,"column":0},"end":{"line":14,"column":3}},"6":{"start":{"line":13,"column":2},"end":{"line":13,"column":40}},"7":{"start":{"line":16,"column":21},"end":{"line":22,"column":1}},"8":{"start":{"line":17,"column":2},"end":{"line":21,"column":3}},"9":{"start":{"line":18,"column":4},"end":{"line":18,"column":32}},"10":{"start":{"line":20,"column":4},"end":{"line":20,"column":46}},"11":{"start":{"line":24,"column":0},"end":{"line":24,"column":47}}},"fnMap":{"0":{"name":"(anonymous_0)","decl":{"start":{"line":8,"column":24},"end":{"line":8,"column":25}},"loc":{"start":{"line":8,"column":33},"end":{"line":10,"column":1}},"line":8},"1":{"name":"(anonymous_1)","decl":{"start":{"line":12,"column":26},"end":{"line":12,"column":27}},"loc":{"start":{"line":12,"column":32},"end":{"line":14,"column":1}},"line":12},"2":{"name":"(anonymous_2)","decl":{"start":{"line":16,"column":21},"end":{"line":16,"column":22}},"loc":{"start":{"line":16,"column":33},"end":{"line":22,"column":1}},"line":16}},"branchMap":{},"s":{"0":1,"1":1,"2":1,"3":1,"4":0,"5":1,"6":1,"7":1,"8":1,"9":1,"10":0,"11":1},"f":{"0":0,"1":1,"2":1},"b":{},"_coverageSchema":"1a1c01bbd47fc00a2c39e90264f33305004495a9","hash":"fc91c4c9b0f1c66bf1f463bea3afdfc370fde73f"}
}
