TN:
SF:index.js
FN:25,(anonymous_0)
FN:41,(anonymous_1)
FN:58,(anonymous_2)
FN:60,(anonymous_3)
FN:64,(anonymous_4)
FNF:5
FNH:2
FNDA:0,(anonymous_0)
FNDA:0,(anonymous_1)
FNDA:1,(anonymous_2)
FNDA:1,(anonymous_3)
FNDA:0,(anonymous_4)
DA:1,1
DA:2,1
DA:3,1
DA:4,1
DA:5,1
DA:6,1
DA:7,1
DA:8,1
DA:9,1
DA:10,1
DA:11,1
DA:12,1
DA:13,1
DA:14,1
DA:16,1
DA:18,1
DA:21,1
DA:22,1
DA:25,1
DA:26,0
DA:32,1
DA:33,1
DA:34,1
DA:35,1
DA:36,1
DA:37,1
DA:38,1
DA:41,1
DA:42,0
DA:49,1
DA:54,1
DA:55,1
DA:56,1
DA:59,1
DA:60,1
DA:61,1
DA:65,0
DA:68,1
LF:38
LH:35
BRF:0
BRH:0
end_of_record
TN:
SF:controllers\auth.js
FN:7,(anonymous_0)
FN:49,(anonymous_1)
FN:88,(anonymous_2)
FNF:3
FNH:0
FNDA:0,(anonymous_0)
FNDA:0,(anonymous_1)
FNDA:0,(anonymous_2)
DA:1,1
DA:2,1
DA:3,1
DA:4,1
DA:7,1
DA:8,0
DA:11,0
DA:12,0
DA:14,0
DA:15,0
DA:16,0
DA:18,0
DA:19,0
DA:20,0
DA:27,0
DA:39,0
DA:49,1
DA:50,0
DA:53,0
DA:54,0
DA:56,0
DA:57,0
DA:58,0
DA:60,0
DA:61,0
DA:62,0
DA:67,0
DA:78,0
DA:88,1
DA:89,0
DA:92,0
DA:93,0
DA:97,0
DA:99,0
DA:100,0
DA:106,0
DA:108,0
DA:111,0
DA:115,0
LF:39
LH:7
BRDA:11,0,0,0
BRDA:11,0,1,0
BRDA:11,1,0,0
BRDA:11,1,1,0
BRDA:15,2,0,0
BRDA:15,2,1,0
BRDA:19,3,0,0
BRDA:19,3,1,0
BRDA:53,4,0,0
BRDA:53,4,1,0
BRDA:53,5,0,0
BRDA:53,5,1,0
BRDA:57,6,0,0
BRDA:57,6,1,0
BRDA:61,7,0,0
BRDA:61,7,1,0
BRDA:92,8,0,0
BRDA:92,8,1,0
BRDA:92,9,0,0
BRDA:92,9,1,0
BRDA:92,9,2,0
BRDA:99,10,0,0
BRDA:99,10,1,0
BRF:23
BRH:0
end_of_record
TN:
SF:controllers\course.js
FN:6,(anonymous_0)
FN:52,(anonymous_1)
FN:78,(anonymous_2)
FN:106,(anonymous_3)
FN:149,(anonymous_4)
FNF:5
FNH:0
FNDA:0,(anonymous_0)
FNDA:0,(anonymous_1)
FNDA:0,(anonymous_2)
FNDA:0,(anonymous_3)
FNDA:0,(anonymous_4)
DA:1,1
DA:2,1
DA:3,1
DA:6,1
DA:7,0
DA:12,0
DA:15,0
DA:16,0
DA:21,0
DA:24,0
DA:25,0
DA:30,0
DA:33,0
DA:42,0
DA:52,1
DA:53,0
DA:58,0
DA:61,0
DA:62,0
DA:68,0
DA:78,1
DA:79,0
DA:85,0
DA:86,0
DA:89,0
DA:90,0
DA:96,0
DA:106,1
DA:107,0
DA:108,0
DA:111,0
DA:112,0
DA:113,0
DA:114,0
DA:115,0
DA:116,0
DA:118,0
DA:119,0
DA:132,0
DA:133,0
DA:139,0
DA:149,1
DA:150,0
DA:155,0
DA:156,0
DA:159,0
DA:160,0
DA:166,0
LF:48
LH:8
BRDA:15,0,0,0
BRDA:15,0,1,0
BRDA:15,1,0,0
BRDA:15,1,1,0
BRDA:15,1,2,0
BRDA:15,1,3,0
BRDA:15,1,4,0
BRDA:15,1,5,0
BRDA:24,2,0,0
BRDA:24,2,1,0
BRDA:61,3,0,0
BRDA:61,3,1,0
BRDA:89,4,0,0
BRDA:89,4,1,0
BRDA:111,5,0,0
BRDA:111,5,1,0
BRDA:112,6,0,0
BRDA:112,6,1,0
BRDA:113,7,0,0
BRDA:113,7,1,0
BRDA:114,8,0,0
BRDA:114,8,1,0
BRDA:115,9,0,0
BRDA:115,9,1,0
BRDA:116,10,0,0
BRDA:116,10,1,0
BRDA:132,11,0,0
BRDA:132,11,1,0
BRDA:159,12,0,0
BRDA:159,12,1,0
BRF:30
BRH:0
end_of_record
TN:
SF:controllers\enrollment.js
FN:6,(anonymous_0)
FN:42,(anonymous_1)
FN:78,(anonymous_2)
FN:94,(anonymous_3)
FN:117,(anonymous_4)
FN:131,(anonymous_5)
FN:144,(anonymous_6)
FNF:7
FNH:0
FNDA:0,(anonymous_0)
FNDA:0,(anonymous_1)
FNDA:0,(anonymous_2)
FNDA:0,(anonymous_3)
FNDA:0,(anonymous_4)
FNDA:0,(anonymous_5)
FNDA:0,(anonymous_6)
DA:1,1
DA:2,1
DA:3,1
DA:6,1
DA:7,0
DA:10,0
DA:11,0
DA:17,0
DA:18,0
DA:20,0
DA:26,0
DA:31,0
DA:32,0
DA:34,0
DA:42,1
DA:43,0
DA:44,0
DA:47,0
DA:48,0
DA:50,0
DA:51,0
DA:55,0
DA:56,0
DA:61,0
DA:66,0
DA:67,0
DA:69,0
DA:78,1
DA:79,0
DA:80,0
DA:82,0
DA:85,0
DA:86,0
DA:93,0
DA:94,0
DA:98,0
DA:99,0
DA:100,0
DA:101,0
DA:109,0
DA:117,1
DA:118,0
DA:119,0
DA:120,0
DA:123,0
DA:124,0
DA:130,0
DA:131,0
DA:134,0
DA:144,1
DA:145,0
DA:146,0
DA:149,0
DA:150,0
DA:156,0
DA:157,0
DA:158,0
DA:160,0
LF:58
LH:8
BRDA:10,0,0,0
BRDA:10,0,1,0
BRDA:10,1,0,0
BRDA:10,1,1,0
BRDA:20,2,0,0
BRDA:20,2,1,0
BRDA:20,3,0,0
BRDA:20,3,1,0
BRDA:50,4,0,0
BRDA:50,4,1,0
BRDA:50,5,0,0
BRDA:50,5,1,0
BRDA:55,6,0,0
BRDA:55,6,1,0
BRDA:85,7,0,0
BRDA:85,7,1,0
BRDA:123,8,0,0
BRDA:123,8,1,0
BRDA:149,9,0,0
BRDA:149,9,1,0
BRF:20
BRH:0
end_of_record
TN:
SF:controllers\instructor.js
FN:5,(anonymous_0)
FN:25,(anonymous_1)
FN:60,(anonymous_2)
FN:81,(anonymous_3)
FN:103,(anonymous_4)
FN:173,(anonymous_5)
FNF:6
FNH:2
FNDA:3,(anonymous_0)
FNDA:1,(anonymous_1)
FNDA:0,(anonymous_2)
FNDA:0,(anonymous_3)
FNDA:0,(anonymous_4)
FNDA:0,(anonymous_5)
DA:1,1
DA:2,1
DA:5,1
DA:16,3
DA:19,3
DA:22,2
DA:23,2
DA:25,1
DA:26,1
DA:27,1
DA:28,1
DA:31,1
DA:35,1
DA:37,1
DA:50,1
DA:60,1
DA:61,0
DA:64,0
DA:65,0
DA:71,0
DA:81,1
DA:82,0
DA:83,0
DA:86,0
DA:87,0
DA:93,0
DA:103,1
DA:104,0
DA:115,0
DA:118,0
DA:129,0
DA:136,0
DA:139,0
DA:156,0
DA:157,0
DA:163,0
DA:173,1
DA:174,0
DA:175,0
DA:178,0
DA:179,0
DA:185,0
LF:42
LH:19
BRDA:19,0,0,1
BRDA:19,0,1,2
BRDA:19,1,0,3
BRDA:19,1,1,2
BRDA:19,1,2,2
BRDA:19,1,3,2
BRDA:19,1,4,2
BRDA:19,1,5,2
BRDA:19,1,6,2
BRDA:19,1,7,2
BRDA:19,1,8,2
BRDA:23,2,0,1
BRDA:23,2,1,1
BRDA:64,3,0,0
BRDA:64,3,1,0
BRDA:86,4,0,0
BRDA:86,4,1,0
BRDA:118,5,0,0
BRDA:118,5,1,0
BRDA:119,6,0,0
BRDA:119,6,1,0
BRDA:119,6,2,0
BRDA:119,6,3,0
BRDA:119,6,4,0
BRDA:119,6,5,0
BRDA:119,6,6,0
BRDA:119,6,7,0
BRDA:119,6,8,0
BRDA:156,7,0,0
BRDA:156,7,1,0
BRDA:178,8,0,0
BRDA:178,8,1,0
BRF:32
BRH:13
end_of_record
TN:
SF:controllers\sort.js
FN:6,(anonymous_0)
FN:24,(anonymous_1)
FNF:2
FNH:0
FNDA:0,(anonymous_0)
FNDA:0,(anonymous_1)
DA:1,1
DA:2,1
DA:3,1
DA:4,1
DA:6,1
DA:7,0
DA:8,0
DA:11,0
DA:13,0
DA:15,0
DA:17,0
DA:24,1
DA:25,0
DA:26,0
DA:29,0
DA:32,0
DA:34,0
DA:36,0
LF:18
LH:6
BRDA:8,0,0,0
BRDA:8,1,0,0
BRDA:26,2,0,0
BRDA:26,3,0,0
BRF:4
BRH:0
end_of_record
TN:
SF:controllers\student.js
FN:5,(anonymous_0)
FN:46,(anonymous_1)
FN:77,(anonymous_2)
FN:104,(anonymous_3)
FN:124,(anonymous_4)
FN:191,(anonymous_5)
FN:250,(anonymous_6)
FNF:7
FNH:0
FNDA:0,(anonymous_0)
FNDA:0,(anonymous_1)
FNDA:0,(anonymous_2)
FNDA:0,(anonymous_3)
FNDA:0,(anonymous_4)
FNDA:0,(anonymous_5)
FNDA:0,(anonymous_6)
DA:1,1
DA:2,1
DA:5,1
DA:16,0
DA:19,0
DA:30,0
DA:37,0
DA:38,0
DA:39,0
DA:46,0
DA:47,0
DA:48,0
DA:49,0
DA:52,0
DA:55,0
DA:57,0
DA:69,0
DA:77,1
DA:79,0
DA:80,0
DA:82,0
DA:84,0
DA:85,0
DA:88,0
DA:89,0
DA:95,0
DA:104,1
DA:105,0
DA:106,0
DA:109,0
DA:110,0
DA:116,0
DA:124,1
DA:125,0
DA:140,0
DA:143,0
DA:154,0
DA:161,0
DA:162,0
DA:165,0
DA:166,0
DA:183,0
DA:191,1
DA:192,0
DA:203,0
DA:206,0
DA:216,0
DA:223,0
DA:238,0
DA:243,0
DA:250,1
DA:251,0
DA:252,0
DA:255,0
DA:256,0
DA:261,0
LF:56
LH:8
BRDA:19,0,0,0
BRDA:19,0,1,0
BRDA:20,1,0,0
BRDA:20,1,1,0
BRDA:20,1,2,0
BRDA:20,1,3,0
BRDA:20,1,4,0
BRDA:20,1,5,0
BRDA:20,1,6,0
BRDA:20,1,7,0
BRDA:20,1,8,0
BRDA:38,2,0,0
BRDA:38,2,1,0
BRDA:80,3,0,0
BRDA:80,3,1,0
BRDA:88,4,0,0
BRDA:88,4,1,0
BRDA:109,5,0,0
BRDA:109,5,1,0
BRDA:143,6,0,0
BRDA:143,6,1,0
BRDA:144,7,0,0
BRDA:144,7,1,0
BRDA:144,7,2,0
BRDA:144,7,3,0
BRDA:144,7,4,0
BRDA:144,7,5,0
BRDA:144,7,6,0
BRDA:144,7,7,0
BRDA:144,7,8,0
BRDA:162,8,0,0
BRDA:162,8,1,0
BRDA:206,9,0,0
BRDA:206,9,1,0
BRDA:207,10,0,0
BRDA:207,10,1,0
BRDA:207,10,2,0
BRDA:207,10,3,0
BRDA:207,10,4,0
BRDA:207,10,5,0
BRDA:207,10,6,0
BRDA:207,10,7,0
BRDA:255,11,0,0
BRDA:255,11,1,0
BRF:44
BRH:0
end_of_record
TN:
SF:middleware\cache.js
FN:5,(anonymous_0)
FN:6,(anonymous_1)
FN:14,(anonymous_2)
FNF:3
FNH:1
FNDA:7,(anonymous_0)
FNDA:0,(anonymous_1)
FNDA:0,(anonymous_2)
DA:1,1
DA:2,1
DA:5,1
DA:6,7
DA:7,0
DA:8,0
DA:9,0
DA:10,0
DA:11,0
DA:13,0
DA:14,0
DA:15,0
DA:16,0
DA:18,0
DA:20,0
DA:21,0
DA:25,1
LF:17
LH:5
BRDA:10,0,0,0
BRDA:10,0,1,0
BRF:2
BRH:0
end_of_record
TN:
SF:middleware\errorHandler.js
FN:2,(anonymous_0)
FNF:1
FNH:0
FNDA:0,(anonymous_0)
DA:1,1
DA:2,1
DA:3,0
DA:8,0
DA:9,0
DA:14,0
LF:6
LH:2
BRDA:8,0,0,0
BRDA:8,0,1,0
BRDA:11,1,0,0
BRDA:11,1,1,0
BRF:4
BRH:0
end_of_record
TN:
SF:middleware\instructorAuth.js
FN:3,(anonymous_0)
FNF:1
FNH:0
FNDA:0,(anonymous_0)
DA:1,1
DA:3,1
DA:4,0
DA:5,0
DA:6,0
DA:7,0
DA:9,0
DA:10,0
DA:14,0
DA:16,0
DA:17,0
DA:18,0
DA:20,1
LF:13
LH:3
BRDA:9,0,0,0
BRDA:9,0,1,0
BRDA:9,1,0,0
BRDA:9,1,1,0
BRF:4
BRH:0
end_of_record
TN:
SF:middleware\studentAuth.js
FN:3,(anonymous_0)
FNF:1
FNH:0
FNDA:0,(anonymous_0)
DA:1,1
DA:3,1
DA:4,0
DA:5,0
DA:6,0
DA:8,0
DA:9,0
DA:13,0
DA:15,0
DA:16,0
DA:19,1
LF:11
LH:3
BRDA:8,0,0,0
BRDA:8,0,1,0
BRF:2
BRH:0
end_of_record
TN:
SF:model\course.js
FNF:0
FNH:0
DA:1,1
DA:3,1
DA:36,1
DA:38,1
LF:4
LH:4
BRF:0
BRH:0
end_of_record
TN:
SF:model\enrollment.js
FNF:0
FNH:0
DA:1,1
DA:3,1
DA:25,1
DA:27,1
LF:4
LH:4
BRF:0
BRH:0
end_of_record
TN:
SF:model\instructor.js
FNF:0
FNH:0
DA:1,1
DA:3,1
DA:59,1
DA:61,1
LF:4
LH:4
BRF:0
BRH:0
end_of_record
TN:
SF:model\student.js
FNF:0
FNH:0
DA:1,1
DA:3,1
DA:64,1
DA:66,1
LF:4
LH:4
BRF:0
BRH:0
end_of_record
TN:
SF:routes\auth.js
FNF:0
FNH:0
DA:1,1
DA:6,1
DA:7,1
DA:8,1
DA:9,1
DA:11,1
DA:40,1
DA:63,1
DA:86,1
DA:88,1
LF:10
LH:10
BRF:0
BRH:0
end_of_record
TN:
SF:routes\course.js
FNF:0
FNH:0
DA:1,1
DA:8,1
DA:9,1
DA:11,1
DA:42,1
DA:60,1
DA:90,1
DA:126,1
DA:155,1
DA:156,1
LF:10
LH:10
BRF:0
BRH:0
end_of_record
TN:
SF:routes\enrollment.js
FNF:0
FNH:0
DA:1,1
DA:8,1
DA:9,1
DA:10,1
DA:11,1
DA:12,1
DA:42,1
DA:65,1
DA:89,1
DA:118,1
DA:153,1
DA:155,1
LF:12
LH:12
BRF:0
BRH:0
end_of_record
TN:
SF:routes\instructor.js
FNF:0
FNH:0
DA:1,1
DA:8,1
DA:9,1
DA:11,1
DA:48,1
DA:70,1
DA:101,1
DA:136,1
DA:165,1
DA:167,1
LF:10
LH:10
BRF:0
BRH:0
end_of_record
TN:
SF:routes\sort.js
FNF:0
FNH:0
DA:1,1
DA:2,1
DA:3,1
DA:4,1
DA:5,1
DA:42,1
DA:71,1
DA:73,1
LF:8
LH:8
BRF:0
BRH:0
end_of_record
TN:
SF:routes\student.js
FNF:0
FNH:0
DA:1,1
DA:9,1
DA:10,1
DA:11,1
DA:12,1
DA:13,1
DA:41,1
DA:57,1
DA:86,1
DA:111,1
DA:142,1
DA:167,1
DA:169,1
LF:13
LH:13
BRF:0
BRH:0
end_of_record
TN:
SF:sortingAlg\sortCourse.js
FN:2,quickSortCourse
FNF:1
FNH:0
FNDA:0,quickSortCourse
DA:3,0
DA:5,0
DA:6,0
DA:7,0
DA:10,0
DA:11,0
DA:12,0
DA:14,0
DA:18,0
DA:25,1
LF:10
LH:1
BRDA:2,0,0,0
BRDA:3,1,0,0
BRDA:3,1,1,0
BRDA:11,2,0,0
BRDA:11,2,1,0
BRDA:11,3,0,0
BRDA:11,3,1,0
BRF:7
BRH:0
end_of_record
TN:
SF:sortingAlg\sortStudent.js
FN:2,quickSort
FNF:1
FNH:0
FNDA:0,quickSort
DA:3,0
DA:5,0
DA:6,0
DA:7,0
DA:9,0
DA:10,0
DA:11,0
DA:13,0
DA:17,0
DA:24,1
LF:10
LH:1
BRDA:2,0,0,0
BRDA:3,1,0,0
BRDA:3,1,1,0
BRDA:10,2,0,0
BRDA:10,2,1,0
BRDA:10,3,0,0
BRDA:10,3,1,0
BRF:7
BRH:0
end_of_record
TN:
SF:swagger\authSchema.js
FNF:0
FNH:0
DA:1,1
DA:16,1
LF:2
LH:2
BRF:0
BRH:0
end_of_record
TN:
SF:swagger\courseSchema.js
FNF:0
FNH:0
DA:1,1
DA:28,1
LF:2
LH:2
BRF:0
BRH:0
end_of_record
TN:
SF:swagger\enrollmentSchema.js
FNF:0
FNH:0
DA:1,1
DA:18,1
LF:2
LH:2
BRF:0
BRH:0
end_of_record
TN:
SF:swagger\instructorSchema.js
FNF:0
FNH:0
DA:1,1
DA:40,1
LF:2
LH:2
BRF:0
BRH:0
end_of_record
TN:
SF:swagger\studentSchema.js
FNF:0
FNH:0
DA:1,1
DA:60,1
LF:2
LH:2
BRF:0
BRH:0
end_of_record
TN:
SF:swagger\swagger.js
FNF:0
FNH:0
DA:1,1
DA:2,1
DA:3,1
DA:4,1
DA:5,1
DA:6,1
DA:8,1
DA:15,1
DA:47,1
DA:49,1
LF:10
LH:10
BRF:0
BRH:0
end_of_record
TN:
SF:utils\logger.js
FNF:0
FNH:0
DA:1,1
DA:3,1
DA:19,1
DA:20,1
DA:27,1
LF:5
LH:5
BRDA:19,0,0,1
BRDA:19,0,1,0
BRF:2
BRH:1
end_of_record
TN:
SF:utils\redis.js
FN:8,(anonymous_0)
FN:12,(anonymous_1)
FN:16,(anonymous_2)
FNF:3
FNH:2
FNDA:0,(anonymous_0)
FNDA:1,(anonymous_1)
FNDA:1,(anonymous_2)
DA:1,1
DA:2,1
DA:4,1
DA:8,1
DA:9,0
DA:12,1
DA:13,1
DA:16,1
DA:17,1
DA:18,1
DA:20,0
DA:24,1
LF:12
LH:10
BRF:0
BRH:0
end_of_record
