TN:
SF:index.js
FN:32,(anonymous_0)
FN:48,(anonymous_1)
FN:70,(anonymous_2)
FNF:3
FNH:1
FNDA:0,(anonymous_0)
FNDA:0,(anonymous_1)
FNDA:1,(anonymous_2)
DA:1,6
DA:2,6
DA:3,6
DA:4,6
DA:5,6
DA:6,6
DA:7,6
DA:8,6
DA:9,6
DA:10,6
DA:11,6
DA:12,6
DA:13,6
DA:14,6
DA:15,6
DA:16,6
DA:17,6
DA:18,6
DA:20,6
DA:25,6
DA:26,6
DA:27,6
DA:28,6
DA:29,6
DA:32,6
DA:33,0
DA:39,6
DA:40,6
DA:41,6
DA:42,6
DA:43,6
DA:44,6
DA:45,6
DA:48,6
DA:49,0
DA:56,6
DA:59,6
DA:60,6
DA:70,6
DA:71,1
DA:74,6
LF:41
LH:39
BRF:0
BRH:0
end_of_record
TN:
SF:controllers\auth.js
FN:7,(anonymous_0)
FN:49,(anonymous_1)
FN:88,(anonymous_2)
FNF:3
FNH:3
FNDA:9,(anonymous_0)
FNDA:9,(anonymous_1)
FNDA:6,(anonymous_2)
DA:1,8
DA:2,8
DA:3,8
DA:4,8
DA:7,8
DA:8,9
DA:11,9
DA:12,3
DA:14,6
DA:15,6
DA:16,2
DA:18,4
DA:19,4
DA:20,2
DA:27,2
DA:39,2
DA:49,8
DA:50,9
DA:53,9
DA:54,3
DA:56,6
DA:57,6
DA:58,2
DA:60,4
DA:61,4
DA:62,2
DA:67,2
DA:78,2
DA:88,8
DA:89,6
DA:92,6
DA:93,2
DA:97,4
DA:99,4
DA:100,2
DA:106,2
DA:108,2
DA:111,2
DA:115,2
LF:39
LH:39
BRDA:11,0,0,3
BRDA:11,0,1,6
BRDA:11,1,0,9
BRDA:11,1,1,7
BRDA:15,2,0,2
BRDA:15,2,1,4
BRDA:19,3,0,2
BRDA:19,3,1,2
BRDA:53,4,0,3
BRDA:53,4,1,6
BRDA:53,5,0,9
BRDA:53,5,1,7
BRDA:57,6,0,2
BRDA:57,6,1,4
BRDA:61,7,0,2
BRDA:61,7,1,2
BRDA:92,8,0,2
BRDA:92,8,1,4
BRDA:92,9,0,6
BRDA:92,9,1,6
BRDA:92,9,2,6
BRDA:99,10,0,2
BRDA:99,10,1,2
BRF:23
BRH:23
end_of_record
TN:
SF:controllers\course.js
FN:6,(anonymous_0)
FN:52,(anonymous_1)
FN:78,(anonymous_2)
FN:106,(anonymous_3)
FN:149,(anonymous_4)
FNF:5
FNH:5
FNDA:3,(anonymous_0)
FNDA:118,(anonymous_1)
FNDA:19,(anonymous_2)
FNDA:5,(anonymous_3)
FNDA:4,(anonymous_4)
DA:1,7
DA:2,7
DA:3,7
DA:6,7
DA:7,3
DA:12,3
DA:15,3
DA:16,1
DA:21,2
DA:24,2
DA:25,1
DA:30,1
DA:33,1
DA:42,1
DA:52,7
DA:53,118
DA:58,118
DA:61,2
DA:62,0
DA:68,2
DA:78,7
DA:79,19
DA:85,19
DA:86,19
DA:89,4
DA:90,2
DA:96,2
DA:106,7
DA:107,5
DA:108,5
DA:111,5
DA:112,5
DA:113,3
DA:114,3
DA:115,3
DA:116,3
DA:118,3
DA:119,3
DA:132,3
DA:133,1
DA:139,2
DA:149,7
DA:150,4
DA:155,4
DA:156,4
DA:159,4
DA:160,2
DA:166,2
LF:48
LH:47
BRDA:15,0,0,1
BRDA:15,0,1,2
BRDA:15,1,0,3
BRDA:15,1,1,3
BRDA:15,1,2,2
BRDA:15,1,3,2
BRDA:15,1,4,2
BRDA:15,1,5,2
BRDA:24,2,0,1
BRDA:24,2,1,1
BRDA:61,3,0,0
BRDA:61,3,1,2
BRDA:89,4,0,2
BRDA:89,4,1,2
BRDA:111,5,0,0
BRDA:111,5,1,5
BRDA:112,6,0,2
BRDA:112,6,1,3
BRDA:113,7,0,0
BRDA:113,7,1,3
BRDA:114,8,0,0
BRDA:114,8,1,3
BRDA:115,9,0,0
BRDA:115,9,1,3
BRDA:116,10,0,0
BRDA:116,10,1,3
BRDA:132,11,0,1
BRDA:132,11,1,2
BRDA:159,12,0,2
BRDA:159,12,1,2
BRF:30
BRH:24
end_of_record
TN:
SF:controllers\enrollment.js
FN:6,(anonymous_0)
FN:42,(anonymous_1)
FN:78,(anonymous_2)
FN:94,(anonymous_3)
FN:117,(anonymous_4)
FN:131,(anonymous_5)
FN:144,(anonymous_6)
FNF:7
FNH:7
FNDA:6,(anonymous_0)
FNDA:2,(anonymous_1)
FNDA:2,(anonymous_2)
FNDA:1,(anonymous_3)
FNDA:1,(anonymous_4)
FNDA:1,(anonymous_5)
FNDA:2,(anonymous_6)
DA:1,7
DA:2,7
DA:3,7
DA:6,7
DA:7,6
DA:10,6
DA:11,2
DA:17,4
DA:18,4
DA:20,4
DA:26,2
DA:31,2
DA:32,2
DA:34,2
DA:42,7
DA:43,2
DA:44,2
DA:47,2
DA:48,2
DA:50,2
DA:51,2
DA:55,2
DA:56,1
DA:61,1
DA:66,1
DA:67,1
DA:69,1
DA:78,7
DA:79,2
DA:80,2
DA:82,2
DA:85,2
DA:86,1
DA:93,1
DA:94,1
DA:98,1
DA:99,1
DA:100,1
DA:101,1
DA:109,0
DA:117,7
DA:118,1
DA:119,1
DA:120,1
DA:123,1
DA:124,0
DA:130,1
DA:131,1
DA:134,1
DA:144,7
DA:145,2
DA:146,2
DA:149,2
DA:150,1
DA:156,1
DA:157,1
DA:158,1
DA:160,1
LF:58
LH:56
BRDA:10,0,0,2
BRDA:10,0,1,4
BRDA:10,1,0,6
BRDA:10,1,1,4
BRDA:20,2,0,2
BRDA:20,2,1,2
BRDA:20,3,0,4
BRDA:20,3,1,2
BRDA:50,4,0,0
BRDA:50,4,1,2
BRDA:50,5,0,2
BRDA:50,5,1,2
BRDA:55,6,0,1
BRDA:55,6,1,1
BRDA:85,7,0,1
BRDA:85,7,1,1
BRDA:123,8,0,0
BRDA:123,8,1,1
BRDA:149,9,0,1
BRDA:149,9,1,1
BRF:20
BRH:18
end_of_record
TN:
SF:controllers\instructor.js
FN:5,(anonymous_0)
FN:25,(anonymous_1)
FN:60,(anonymous_2)
FN:81,(anonymous_3)
FN:103,(anonymous_4)
FN:173,(anonymous_5)
FNF:6
FNH:6
FNDA:3,(anonymous_0)
FNDA:1,(anonymous_1)
FNDA:2,(anonymous_2)
FNDA:2,(anonymous_3)
FNDA:3,(anonymous_4)
FNDA:2,(anonymous_5)
DA:1,7
DA:2,7
DA:5,7
DA:16,3
DA:19,3
DA:22,2
DA:23,2
DA:25,1
DA:26,1
DA:27,1
DA:28,1
DA:31,1
DA:35,1
DA:37,1
DA:50,1
DA:60,7
DA:61,2
DA:64,2
DA:65,1
DA:71,1
DA:81,7
DA:82,2
DA:83,2
DA:86,2
DA:87,1
DA:93,1
DA:103,7
DA:104,3
DA:115,3
DA:118,3
DA:129,1
DA:136,2
DA:139,2
DA:156,2
DA:157,1
DA:163,1
DA:173,7
DA:174,2
DA:175,2
DA:178,2
DA:179,1
DA:185,1
LF:42
LH:42
BRDA:19,0,0,1
BRDA:19,0,1,2
BRDA:19,1,0,3
BRDA:19,1,1,3
BRDA:19,1,2,2
BRDA:19,1,3,2
BRDA:19,1,4,2
BRDA:19,1,5,2
BRDA:19,1,6,2
BRDA:19,1,7,2
BRDA:19,1,8,2
BRDA:23,2,0,1
BRDA:23,2,1,1
BRDA:64,3,0,1
BRDA:64,3,1,1
BRDA:86,4,0,1
BRDA:86,4,1,1
BRDA:118,5,0,1
BRDA:118,5,1,2
BRDA:119,6,0,3
BRDA:119,6,1,3
BRDA:119,6,2,2
BRDA:119,6,3,2
BRDA:119,6,4,2
BRDA:119,6,5,2
BRDA:119,6,6,2
BRDA:119,6,7,2
BRDA:119,6,8,2
BRDA:156,7,0,1
BRDA:156,7,1,1
BRDA:178,8,0,1
BRDA:178,8,1,1
BRF:32
BRH:32
end_of_record
TN:
SF:controllers\sort.js
FN:6,(anonymous_0)
FN:24,(anonymous_1)
FNF:2
FNH:1
FNDA:0,(anonymous_0)
FNDA:6,(anonymous_1)
DA:1,7
DA:2,7
DA:3,7
DA:4,7
DA:6,7
DA:7,0
DA:8,0
DA:11,0
DA:13,0
DA:15,0
DA:17,0
DA:24,7
DA:25,6
DA:26,6
DA:29,6
DA:32,5
DA:34,4
DA:36,2
LF:18
LH:12
BRDA:8,0,0,0
BRDA:8,1,0,0
BRDA:26,2,0,5
BRDA:26,3,0,5
BRF:4
BRH:2
end_of_record
TN:
SF:controllers\student.js
FN:5,(anonymous_0)
FN:46,(anonymous_1)
FN:77,(anonymous_2)
FN:104,(anonymous_3)
FN:124,(anonymous_4)
FN:191,(anonymous_5)
FN:250,(anonymous_6)
FNF:7
FNH:3
FNDA:6,(anonymous_0)
FNDA:2,(anonymous_1)
FNDA:5,(anonymous_2)
FNDA:0,(anonymous_3)
FNDA:0,(anonymous_4)
FNDA:0,(anonymous_5)
FNDA:0,(anonymous_6)
DA:1,7
DA:2,7
DA:5,7
DA:16,6
DA:19,6
DA:30,2
DA:37,4
DA:38,4
DA:39,2
DA:46,2
DA:47,2
DA:48,2
DA:49,2
DA:52,2
DA:55,2
DA:57,2
DA:69,2
DA:77,7
DA:79,5
DA:80,5
DA:82,5
DA:84,5
DA:85,5
DA:88,5
DA:89,1
DA:95,4
DA:104,7
DA:105,0
DA:106,0
DA:109,0
DA:110,0
DA:116,0
DA:124,7
DA:125,0
DA:140,0
DA:143,0
DA:154,0
DA:161,0
DA:162,0
DA:165,0
DA:166,0
DA:183,0
DA:191,7
DA:192,0
DA:203,0
DA:206,0
DA:216,0
DA:223,0
DA:238,0
DA:243,0
DA:250,7
DA:251,0
DA:252,0
DA:255,0
DA:256,0
DA:261,0
LF:56
LH:30
BRDA:19,0,0,2
BRDA:19,0,1,4
BRDA:20,1,0,6
BRDA:20,1,1,6
BRDA:20,1,2,5
BRDA:20,1,3,4
BRDA:20,1,4,4
BRDA:20,1,5,4
BRDA:20,1,6,4
BRDA:20,1,7,4
BRDA:20,1,8,4
BRDA:38,2,0,2
BRDA:38,2,1,2
BRDA:80,3,0,5
BRDA:80,3,1,1
BRDA:88,4,0,1
BRDA:88,4,1,4
BRDA:109,5,0,0
BRDA:109,5,1,0
BRDA:143,6,0,0
BRDA:143,6,1,0
BRDA:144,7,0,0
BRDA:144,7,1,0
BRDA:144,7,2,0
BRDA:144,7,3,0
BRDA:144,7,4,0
BRDA:144,7,5,0
BRDA:144,7,6,0
BRDA:144,7,7,0
BRDA:144,7,8,0
BRDA:162,8,0,0
BRDA:162,8,1,0
BRDA:206,9,0,0
BRDA:206,9,1,0
BRDA:207,10,0,0
BRDA:207,10,1,0
BRDA:207,10,2,0
BRDA:207,10,3,0
BRDA:207,10,4,0
BRDA:207,10,5,0
BRDA:207,10,6,0
BRDA:207,10,7,0
BRDA:255,11,0,0
BRDA:255,11,1,0
BRF:44
BRH:17
end_of_record
TN:
SF:middleware\cache.js
FN:5,(anonymous_0)
FN:6,(anonymous_1)
FN:14,(anonymous_2)
FNF:3
FNH:3
FNDA:46,(anonymous_0)
FNDA:7,(anonymous_1)
FNDA:2,(anonymous_2)
DA:1,7
DA:2,7
DA:5,7
DA:6,46
DA:7,7
DA:8,7
DA:9,7
DA:10,3
DA:11,1
DA:13,2
DA:14,2
DA:15,2
DA:16,2
DA:18,2
DA:20,4
DA:21,4
DA:25,7
LF:17
LH:17
BRDA:10,0,0,1
BRDA:10,0,1,2
BRF:2
BRH:2
end_of_record
TN:
SF:middleware\errorHandler.js
FN:2,(anonymous_0)
FNF:1
FNH:1
FNDA:125,(anonymous_0)
DA:1,7
DA:2,7
DA:3,125
DA:8,125
DA:9,125
DA:14,125
LF:6
LH:6
BRDA:8,0,0,125
BRDA:8,0,1,0
BRDA:11,1,0,123
BRDA:11,1,1,2
BRF:4
BRH:3
end_of_record
TN:
SF:middleware\instructorAuth.js
FN:3,(anonymous_0)
FNF:1
FNH:1
FNDA:25,(anonymous_0)
DA:1,7
DA:3,7
DA:4,25
DA:6,25
DA:7,19
DA:9,6
DA:13,6
DA:15,19
DA:17,19
DA:18,2
DA:22,2
DA:24,17
DA:25,17
DA:26,17
DA:28,7
LF:15
LH:15
BRDA:6,0,0,19
BRDA:6,0,1,6
BRDA:6,1,0,25
BRDA:6,1,1,25
BRDA:17,2,0,2
BRDA:17,2,1,17
BRDA:17,3,0,19
BRDA:17,3,1,18
BRF:8
BRH:8
end_of_record
TN:
SF:middleware\studentAuth.js
FN:3,(anonymous_0)
FNF:1
FNH:1
FNDA:4,(anonymous_0)
DA:1,7
DA:3,7
DA:4,4
DA:5,4
DA:6,3
DA:8,2
DA:9,1
DA:13,1
DA:15,1
DA:16,1
DA:19,7
LF:11
LH:11
BRDA:8,0,0,1
BRDA:8,0,1,1
BRF:2
BRH:2
end_of_record
TN:
SF:model\course.js
FNF:0
FNH:0
DA:1,9
DA:3,9
DA:36,9
DA:38,9
LF:4
LH:4
BRF:0
BRH:0
end_of_record
TN:
SF:model\enrollment.js
FNF:0
FNH:0
DA:1,7
DA:3,7
DA:25,7
DA:27,7
LF:4
LH:4
BRF:0
BRH:0
end_of_record
TN:
SF:model\instructor.js
FNF:0
FNH:0
DA:1,10
DA:3,10
DA:59,10
DA:61,10
LF:4
LH:4
BRF:0
BRH:0
end_of_record
TN:
SF:model\student.js
FNF:0
FNH:0
DA:1,12
DA:3,12
DA:64,12
DA:66,12
LF:4
LH:4
BRF:0
BRH:0
end_of_record
TN:
SF:routes\auth.js
FNF:0
FNH:0
DA:1,6
DA:6,6
DA:7,6
DA:8,6
DA:9,6
DA:11,6
DA:40,6
DA:63,6
DA:86,6
DA:88,6
LF:10
LH:10
BRF:0
BRH:0
end_of_record
TN:
SF:routes\course.js
FNF:0
FNH:0
DA:1,6
DA:8,6
DA:9,6
DA:11,6
DA:42,6
DA:60,6
DA:90,6
DA:126,6
DA:155,6
DA:156,6
LF:10
LH:10
BRF:0
BRH:0
end_of_record
TN:
SF:routes\enrollment.js
FNF:0
FNH:0
DA:1,6
DA:8,6
DA:9,6
DA:10,6
DA:11,6
DA:12,6
DA:42,6
DA:65,6
DA:89,6
DA:118,6
DA:153,6
DA:155,6
LF:12
LH:12
BRF:0
BRH:0
end_of_record
TN:
SF:routes\instructor.js
FNF:0
FNH:0
DA:1,6
DA:8,6
DA:9,6
DA:11,6
DA:48,6
DA:70,6
DA:101,6
DA:136,6
DA:165,6
DA:167,6
LF:10
LH:10
BRF:0
BRH:0
end_of_record
TN:
SF:routes\sort.js
FNF:0
FNH:0
DA:1,6
DA:2,6
DA:3,6
DA:4,6
DA:5,6
DA:42,6
DA:71,6
DA:73,6
LF:8
LH:8
BRF:0
BRH:0
end_of_record
TN:
SF:routes\student.js
FNF:0
FNH:0
DA:1,6
DA:9,6
DA:10,6
DA:11,6
DA:12,6
DA:13,6
DA:41,6
DA:57,6
DA:86,6
DA:111,6
DA:142,6
DA:167,6
DA:169,6
LF:13
LH:13
BRF:0
BRH:0
end_of_record
TN:
SF:sortingAlg\sortCourse.js
FN:2,quickSortCourse
FNF:1
FNH:1
FNDA:6,quickSortCourse
DA:3,6
DA:5,2
DA:6,2
DA:7,2
DA:10,2
DA:11,2
DA:12,1
DA:14,1
DA:18,2
DA:25,8
LF:10
LH:10
BRDA:2,0,0,0
BRDA:3,1,0,4
BRDA:3,1,1,2
BRDA:11,2,0,1
BRDA:11,2,1,1
BRDA:11,3,0,1
BRDA:11,3,1,1
BRF:7
BRH:6
end_of_record
TN:
SF:sortingAlg\sortStudent.js
FN:2,quickSort
FNF:1
FNH:1
FNDA:13329,quickSort
DA:3,13329
DA:5,6662
DA:6,6662
DA:7,6662
DA:9,6662
DA:10,162034
DA:11,77153
DA:13,84881
DA:17,6662
DA:24,9
LF:10
LH:10
BRDA:2,0,0,2
BRDA:3,1,0,6667
BRDA:3,1,1,6662
BRDA:10,2,0,77153
BRDA:10,2,1,84881
BRDA:10,3,0,162031
BRDA:10,3,1,3
BRF:7
BRH:7
end_of_record
TN:
SF:swagger\authSchema.js
FNF:0
FNH:0
DA:1,6
DA:16,6
LF:2
LH:2
BRF:0
BRH:0
end_of_record
TN:
SF:swagger\courseSchema.js
FNF:0
FNH:0
DA:1,6
DA:28,6
LF:2
LH:2
BRF:0
BRH:0
end_of_record
TN:
SF:swagger\enrollmentSchema.js
FNF:0
FNH:0
DA:1,6
DA:18,6
LF:2
LH:2
BRF:0
BRH:0
end_of_record
TN:
SF:swagger\instructorSchema.js
FNF:0
FNH:0
DA:1,6
DA:40,6
LF:2
LH:2
BRF:0
BRH:0
end_of_record
TN:
SF:swagger\studentSchema.js
FNF:0
FNH:0
DA:1,6
DA:60,6
LF:2
LH:2
BRF:0
BRH:0
end_of_record
TN:
SF:swagger\swagger.js
FNF:0
FNH:0
DA:1,6
DA:2,6
DA:3,6
DA:4,6
DA:5,6
DA:6,6
DA:8,6
DA:15,6
DA:47,6
DA:49,6
LF:10
LH:10
BRF:0
BRH:0
end_of_record
TN:
SF:utils\logger.js
FNF:0
FNH:0
DA:1,7
DA:3,7
DA:19,7
DA:20,7
DA:27,7
LF:5
LH:5
BRDA:19,0,0,7
BRDA:19,0,1,0
BRF:2
BRH:1
end_of_record
TN:
SF:utils\redis.js
FN:8,(anonymous_0)
FN:12,(anonymous_1)
FN:16,(anonymous_2)
FNF:3
FNH:0
FNDA:0,(anonymous_0)
FNDA:0,(anonymous_1)
FNDA:0,(anonymous_2)
DA:1,6
DA:2,6
DA:4,6
DA:8,6
DA:9,0
DA:12,6
DA:13,0
DA:16,6
DA:17,0
DA:18,0
DA:20,0
DA:24,6
LF:12
LH:7
BRF:0
BRH:0
end_of_record
